#! /usr/bin/vvp
:ivl_version "10.3 (stable)";
:ivl_delay_selection "TYPICAL";
:vpi_time_precision + 0;
:vpi_module "system";
:vpi_module "vhdl_sys";
:vpi_module "v2005_math";
:vpi_module "va_math";
S_0x55a4c79c8110 .scope module, "IF_stage" "IF_stage" 2 1;
 .timescale 0 0;
    .port_info 0 /INPUT 1 "clk"
    .port_info 1 /INPUT 1 "rst_n"
    .port_info 2 /INPUT 32 "IF_instr_i"
    .port_info 3 /INPUT 1 "flush"
    .port_info 4 /INPUT 32 "pc_dest"
    .port_info 5 /INPUT 32 "IMEM_data_i"
    .port_info 6 /INPUT 1 "stall"
    .port_info 7 /INPUT 1 "pc_sel"
    .port_info 8 /OUTPUT 32 "IF_pc_o"
    .port_info 9 /OUTPUT 32 "IF_instr_o"
    .port_info 10 /OUTPUT 32 "IMEM_add_o"
    .port_info 11 /INPUT 32 "boot_add"
P_0x55a4c79c8290 .param/l "DATA_WIDTH" 0 2 1, +C4<00000000000000000000000000100000>;
o0x7f25449682e8 .functor BUFZ 32, C4<zzzzzzzzzzzzzzzzzzzzzzzzzzzzzzzz>; HiZ drive
v0x55a4c7a4b4b0_0 .net "IF_instr_i", 31 0, o0x7f25449682e8;  0 drivers
v0x55a4c7a4b5b0_0 .var "IF_instr_o", 31 0;
v0x55a4c7a4b690_0 .var "IF_pc_o", 31 0;
v0x55a4c7a4b750_0 .var "IMEM_add_o", 31 0;
o0x7f2544968078 .functor BUFZ 32, C4<zzzzzzzzzzzzzzzzzzzzzzzzzzzzzzzz>; HiZ drive
v0x55a4c7a4b830_0 .net "IMEM_data_i", 31 0, o0x7f2544968078;  0 drivers
v0x55a4c7a4b940_0 .net "Instr", 31 0, v0x55a4c7a4afa0_0;  1 drivers
o0x7f25449683a8 .functor BUFZ 32, C4<zzzzzzzzzzzzzzzzzzzzzzzzzzzzzzzz>; HiZ drive
v0x55a4c7a4b9e0_0 .net "boot_add", 31 0, o0x7f25449683a8;  0 drivers
o0x7f2544968018 .functor BUFZ 1, C4<z>; HiZ drive
v0x55a4c7a4baa0_0 .net "clk", 0 0, o0x7f2544968018;  0 drivers
o0x7f25449683d8 .functor BUFZ 1, C4<z>; HiZ drive
v0x55a4c7a4bb40_0 .net "flush", 0 0, o0x7f25449683d8;  0 drivers
v0x55a4c7a4bbe0_0 .net "illegal_instr_o", 0 0, v0x55a4c7a4ae20_0;  1 drivers
o0x7f2544968408 .functor BUFZ 32, C4<zzzzzzzzzzzzzzzzzzzzzzzzzzzzzzzz>; HiZ drive
v0x55a4c7a4bc80_0 .net "pc_dest", 31 0, o0x7f2544968408;  0 drivers
v0x55a4c7a4bd40_0 .var "pc_next", 31 0;
o0x7f2544968468 .functor BUFZ 1, C4<z>; HiZ drive
v0x55a4c7a4be20_0 .net "pc_sel", 0 0, o0x7f2544968468;  0 drivers
o0x7f2544968108 .functor BUFZ 1, C4<z>; HiZ drive
v0x55a4c7a4bee0_0 .net "rst_n", 0 0, o0x7f2544968108;  0 drivers
o0x7f2544968498 .functor BUFZ 1, C4<z>; HiZ drive
v0x55a4c7a4bfb0_0 .net "stall", 0 0, o0x7f2544968498;  0 drivers
E_0x55a4c7a20450 .event edge, v0x55a4c7a4bfb0_0, v0x55a4c7a4b750_0, v0x55a4c7a4be20_0, v0x55a4c7a4bc80_0;
E_0x55a4c7a1efc0 .event posedge, v0x55a4c7a4bb40_0, v0x55a4c7a28aa0_0;
E_0x55a4c7a20070/0 .event negedge, v0x55a4c7a4b190_0;
E_0x55a4c7a20070/1 .event posedge, v0x55a4c7a28aa0_0;
E_0x55a4c7a20070 .event/or E_0x55a4c7a20070/0, E_0x55a4c7a20070/1;
S_0x55a4c7a1d5a0 .scope module, "com_decode" "compressed_decoder" 2 31, 3 2 0, S_0x55a4c79c8110;
 .timescale 0 0;
    .port_info 0 /INPUT 1 "clk_i"
    .port_info 1 /INPUT 1 "rst_ni"
    .port_info 2 /INPUT 1 "valid_i"
    .port_info 3 /INPUT 32 "instr_i"
    .port_info 4 /OUTPUT 32 "instr_o"
    .port_info 5 /OUTPUT 1 "is_compressed_o"
    .port_info 6 /OUTPUT 1 "illegal_instr_o"
o0x7f2544968168 .functor BUFZ 1, C4<z>; HiZ drive
L_0x55a4c7a1d900 .functor BUFZ 1, o0x7f2544968168, C4<0>, C4<0>, C4<0>;
v0x55a4c7a28aa0_0 .net "clk_i", 0 0, o0x7f2544968018;  alias, 0 drivers
v0x55a4c7a4ae20_0 .var "illegal_instr_o", 0 0;
v0x55a4c7a4aee0_0 .net "instr_i", 31 0, o0x7f2544968078;  alias, 0 drivers
v0x55a4c7a4afa0_0 .var "instr_o", 31 0;
v0x55a4c7a4b080_0 .var "is_compressed_o", 0 0;
v0x55a4c7a4b190_0 .net "rst_ni", 0 0, o0x7f2544968108;  alias, 0 drivers
v0x55a4c7a4b250_0 .net "unused_valid", 0 0, L_0x55a4c7a1d900;  1 drivers
v0x55a4c7a4b310_0 .net "valid_i", 0 0, o0x7f2544968168;  0 drivers
E_0x55a4c7a1e790 .event edge, v0x55a4c7a4aee0_0;
    .scope S_0x55a4c7a1d5a0;
T_0 ;
    %wait E_0x55a4c7a1e790;
    %load/vec4 v0x55a4c7a4aee0_0;
    %store/vec4 v0x55a4c7a4afa0_0, 0, 32;
    %pushi/vec4 0, 0, 1;
    %store/vec4 v0x55a4c7a4ae20_0, 0, 1;
    %load/vec4 v0x55a4c7a4aee0_0;
    %parti/s 2, 0, 2;
    %dup/vec4;
    %pushi/vec4 0, 0, 2;
    %cmp/u;
    %jmp/1 T_0.0, 6;
    %dup/vec4;
    %pushi/vec4 1, 0, 2;
    %cmp/u;
    %jmp/1 T_0.1, 6;
    %dup/vec4;
    %pushi/vec4 2, 0, 2;
    %cmp/u;
    %jmp/1 T_0.2, 6;
    %dup/vec4;
    %pushi/vec4 3, 0, 2;
    %cmp/u;
    %jmp/1 T_0.3, 6;
    %pushi/vec4 1, 0, 1;
    %store/vec4 v0x55a4c7a4ae20_0, 0, 1;
    %jmp T_0.5;
T_0.0 ;
    %load/vec4 v0x55a4c7a4aee0_0;
    %parti/s 3, 13, 5;
    %dup/vec4;
    %pushi/vec4 0, 0, 3;
    %cmp/u;
    %jmp/1 T_0.6, 6;
    %dup/vec4;
    %pushi/vec4 2, 0, 3;
    %cmp/u;
    %jmp/1 T_0.7, 6;
    %dup/vec4;
    %pushi/vec4 6, 0, 3;
    %cmp/u;
    %jmp/1 T_0.8, 6;
    %dup/vec4;
    %pushi/vec4 1, 0, 3;
    %cmp/u;
    %jmp/1 T_0.9, 6;
    %dup/vec4;
    %pushi/vec4 3, 0, 3;
    %cmp/u;
    %jmp/1 T_0.10, 6;
    %dup/vec4;
    %pushi/vec4 4, 0, 3;
    %cmp/u;
    %jmp/1 T_0.11, 6;
    %dup/vec4;
    %pushi/vec4 5, 0, 3;
    %cmp/u;
    %jmp/1 T_0.12, 6;
    %dup/vec4;
    %pushi/vec4 7, 0, 3;
    %cmp/u;
    %jmp/1 T_0.13, 6;
    %pushi/vec4 1, 0, 1;
    %store/vec4 v0x55a4c7a4ae20_0, 0, 1;
    %jmp T_0.15;
T_0.6 ;
    %pushi/vec4 0, 0, 2;
    %load/vec4 v0x55a4c7a4aee0_0;
    %parti/s 4, 7, 4;
    %concat/vec4; draw_concat_vec4
    %load/vec4 v0x55a4c7a4aee0_0;
    %parti/s 2, 11, 5;
    %concat/vec4; draw_concat_vec4
    %load/vec4 v0x55a4c7a4aee0_0;
    %parti/s 1, 5, 4;
    %concat/vec4; draw_concat_vec4
    %load/vec4 v0x55a4c7a4aee0_0;
    %parti/s 1, 6, 4;
    %concat/vec4; draw_concat_vec4
    %concati/vec4 0, 0, 2;
    %concati/vec4 2, 0, 5;
    %concati/vec4 0, 0, 3;
    %concati/vec4 1, 0, 2;
    %load/vec4 v0x55a4c7a4aee0_0;
    %parti/s 3, 2, 3;
    %concat/vec4; draw_concat_vec4
    %concati/vec4 19, 0, 7;
    %store/vec4 v0x55a4c7a4afa0_0, 0, 32;
    %load/vec4 v0x55a4c7a4aee0_0;
    %parti/s 8, 5, 4;
    %cmpi/e 0, 0, 8;
    %jmp/0xz  T_0.16, 4;
    %pushi/vec4 1, 0, 1;
    %store/vec4 v0x55a4c7a4ae20_0, 0, 1;
T_0.16 ;
    %jmp T_0.15;
T_0.7 ;
    %pushi/vec4 0, 0, 5;
    %load/vec4 v0x55a4c7a4aee0_0;
    %parti/s 1, 5, 4;
    %concat/vec4; draw_concat_vec4
    %load/vec4 v0x55a4c7a4aee0_0;
    %parti/s 3, 10, 5;
    %concat/vec4; draw_concat_vec4
    %load/vec4 v0x55a4c7a4aee0_0;
    %parti/s 1, 6, 4;
    %concat/vec4; draw_concat_vec4
    %concati/vec4 0, 0, 2;
    %concati/vec4 1, 0, 2;
    %load/vec4 v0x55a4c7a4aee0_0;
    %parti/s 3, 7, 4;
    %concat/vec4; draw_concat_vec4
    %concati/vec4 2, 0, 3;
    %concati/vec4 1, 0, 2;
    %load/vec4 v0x55a4c7a4aee0_0;
    %parti/s 3, 2, 3;
    %concat/vec4; draw_concat_vec4
    %concati/vec4 3, 0, 7;
    %store/vec4 v0x55a4c7a4afa0_0, 0, 32;
    %jmp T_0.15;
T_0.8 ;
    %pushi/vec4 0, 0, 5;
    %load/vec4 v0x55a4c7a4aee0_0;
    %parti/s 1, 5, 4;
    %concat/vec4; draw_concat_vec4
    %load/vec4 v0x55a4c7a4aee0_0;
    %parti/s 1, 12, 5;
    %concat/vec4; draw_concat_vec4
    %concati/vec4 1, 0, 2;
    %load/vec4 v0x55a4c7a4aee0_0;
    %parti/s 3, 2, 3;
    %concat/vec4; draw_concat_vec4
    %concati/vec4 1, 0, 2;
    %load/vec4 v0x55a4c7a4aee0_0;
    %parti/s 3, 7, 4;
    %concat/vec4; draw_concat_vec4
    %concati/vec4 2, 0, 3;
    %load/vec4 v0x55a4c7a4aee0_0;
    %parti/s 2, 10, 5;
    %concat/vec4; draw_concat_vec4
    %load/vec4 v0x55a4c7a4aee0_0;
    %parti/s 1, 6, 4;
    %concat/vec4; draw_concat_vec4
    %concati/vec4 0, 0, 2;
    %concati/vec4 35, 0, 7;
    %store/vec4 v0x55a4c7a4afa0_0, 0, 32;
    %jmp T_0.15;
T_0.9 ;
    %pushi/vec4 1, 0, 1;
    %store/vec4 v0x55a4c7a4ae20_0, 0, 1;
    %jmp T_0.15;
T_0.10 ;
    %pushi/vec4 1, 0, 1;
    %store/vec4 v0x55a4c7a4ae20_0, 0, 1;
    %jmp T_0.15;
T_0.11 ;
    %pushi/vec4 1, 0, 1;
    %store/vec4 v0x55a4c7a4ae20_0, 0, 1;
    %jmp T_0.15;
T_0.12 ;
    %pushi/vec4 1, 0, 1;
    %store/vec4 v0x55a4c7a4ae20_0, 0, 1;
    %jmp T_0.15;
T_0.13 ;
    %pushi/vec4 1, 0, 1;
    %store/vec4 v0x55a4c7a4ae20_0, 0, 1;
    %jmp T_0.15;
T_0.15 ;
    %pop/vec4 1;
    %jmp T_0.5;
T_0.1 ;
    %load/vec4 v0x55a4c7a4aee0_0;
    %parti/s 3, 13, 5;
    %dup/vec4;
    %pushi/vec4 0, 0, 3;
    %cmp/u;
    %jmp/1 T_0.18, 6;
    %dup/vec4;
    %pushi/vec4 1, 0, 3;
    %cmp/u;
    %jmp/1 T_0.19, 6;
    %dup/vec4;
    %pushi/vec4 5, 0, 3;
    %cmp/u;
    %jmp/1 T_0.20, 6;
    %dup/vec4;
    %pushi/vec4 2, 0, 3;
    %cmp/u;
    %jmp/1 T_0.21, 6;
    %dup/vec4;
    %pushi/vec4 3, 0, 3;
    %cmp/u;
    %jmp/1 T_0.22, 6;
    %dup/vec4;
    %pushi/vec4 4, 0, 3;
    %cmp/u;
    %jmp/1 T_0.23, 6;
    %dup/vec4;
    %pushi/vec4 6, 0, 3;
    %cmp/u;
    %jmp/1 T_0.24, 6;
    %dup/vec4;
    %pushi/vec4 7, 0, 3;
    %cmp/u;
    %jmp/1 T_0.25, 6;
    %pushi/vec4 1, 0, 1;
    %store/vec4 v0x55a4c7a4ae20_0, 0, 1;
    %jmp T_0.27;
T_0.18 ;
    %load/vec4 v0x55a4c7a4aee0_0;
    %parti/s 1, 12, 5;
    %replicate 6;
    %load/vec4 v0x55a4c7a4aee0_0;
    %parti/s 1, 12, 5;
    %concat/vec4; draw_concat_vec4
    %load/vec4 v0x55a4c7a4aee0_0;
    %parti/s 5, 2, 3;
    %concat/vec4; draw_concat_vec4
    %load/vec4 v0x55a4c7a4aee0_0;
    %parti/s 5, 7, 4;
    %concat/vec4; draw_concat_vec4
    %concati/vec4 0, 0, 3;
    %load/vec4 v0x55a4c7a4aee0_0;
    %parti/s 5, 7, 4;
    %concat/vec4; draw_concat_vec4
    %concati/vec4 19, 0, 7;
    %store/vec4 v0x55a4c7a4afa0_0, 0, 32;
    %jmp T_0.27;
T_0.19 ;
    %load/vec4 v0x55a4c7a4aee0_0;
    %parti/s 1, 12, 5;
    %load/vec4 v0x55a4c7a4aee0_0;
    %parti/s 1, 8, 5;
    %concat/vec4; draw_concat_vec4
    %load/vec4 v0x55a4c7a4aee0_0;
    %parti/s 2, 9, 5;
    %concat/vec4; draw_concat_vec4
    %load/vec4 v0x55a4c7a4aee0_0;
    %parti/s 1, 6, 4;
    %concat/vec4; draw_concat_vec4
    %load/vec4 v0x55a4c7a4aee0_0;
    %parti/s 1, 7, 4;
    %concat/vec4; draw_concat_vec4
    %load/vec4 v0x55a4c7a4aee0_0;
    %parti/s 1, 2, 3;
    %concat/vec4; draw_concat_vec4
    %load/vec4 v0x55a4c7a4aee0_0;
    %parti/s 1, 11, 5;
    %concat/vec4; draw_concat_vec4
    %load/vec4 v0x55a4c7a4aee0_0;
    %parti/s 3, 3, 3;
    %concat/vec4; draw_concat_vec4
    %load/vec4 v0x55a4c7a4aee0_0;
    %parti/s 1, 12, 5;
    %replicate 9;
    %concat/vec4; draw_concat_vec4
    %concati/vec4 0, 0, 4;
    %load/vec4 v0x55a4c7a4aee0_0;
    %parti/s 1, 15, 5;
    %inv;
    %concat/vec4; draw_concat_vec4
    %concati/vec4 111, 0, 7;
    %store/vec4 v0x55a4c7a4afa0_0, 0, 32;
    %jmp T_0.27;
T_0.20 ;
    %load/vec4 v0x55a4c7a4aee0_0;
    %parti/s 1, 12, 5;
    %load/vec4 v0x55a4c7a4aee0_0;
    %parti/s 1, 8, 5;
    %concat/vec4; draw_concat_vec4
    %load/vec4 v0x55a4c7a4aee0_0;
    %parti/s 2, 9, 5;
    %concat/vec4; draw_concat_vec4
    %load/vec4 v0x55a4c7a4aee0_0;
    %parti/s 1, 6, 4;
    %concat/vec4; draw_concat_vec4
    %load/vec4 v0x55a4c7a4aee0_0;
    %parti/s 1, 7, 4;
    %concat/vec4; draw_concat_vec4
    %load/vec4 v0x55a4c7a4aee0_0;
    %parti/s 1, 2, 3;
    %concat/vec4; draw_concat_vec4
    %load/vec4 v0x55a4c7a4aee0_0;
    %parti/s 1, 11, 5;
    %concat/vec4; draw_concat_vec4
    %load/vec4 v0x55a4c7a4aee0_0;
    %parti/s 3, 3, 3;
    %concat/vec4; draw_concat_vec4
    %load/vec4 v0x55a4c7a4aee0_0;
    %parti/s 1, 12, 5;
    %replicate 9;
    %concat/vec4; draw_concat_vec4
    %concati/vec4 0, 0, 4;
    %load/vec4 v0x55a4c7a4aee0_0;
    %parti/s 1, 15, 5;
    %inv;
    %concat/vec4; draw_concat_vec4
    %concati/vec4 111, 0, 7;
    %store/vec4 v0x55a4c7a4afa0_0, 0, 32;
    %jmp T_0.27;
T_0.21 ;
    %load/vec4 v0x55a4c7a4aee0_0;
    %parti/s 1, 12, 5;
    %replicate 6;
    %load/vec4 v0x55a4c7a4aee0_0;
    %parti/s 1, 12, 5;
    %concat/vec4; draw_concat_vec4
    %load/vec4 v0x55a4c7a4aee0_0;
    %parti/s 5, 2, 3;
    %concat/vec4; draw_concat_vec4
    %concati/vec4 0, 0, 5;
    %concati/vec4 0, 0, 3;
    %load/vec4 v0x55a4c7a4aee0_0;
    %parti/s 5, 7, 4;
    %concat/vec4; draw_concat_vec4
    %concati/vec4 19, 0, 7;
    %store/vec4 v0x55a4c7a4afa0_0, 0, 32;
    %jmp T_0.27;
T_0.22 ;
    %load/vec4 v0x55a4c7a4aee0_0;
    %parti/s 1, 12, 5;
    %replicate 15;
    %load/vec4 v0x55a4c7a4aee0_0;
    %parti/s 5, 2, 3;
    %concat/vec4; draw_concat_vec4
    %load/vec4 v0x55a4c7a4aee0_0;
    %parti/s 5, 7, 4;
    %concat/vec4; draw_concat_vec4
    %concati/vec4 55, 0, 7;
    %store/vec4 v0x55a4c7a4afa0_0, 0, 32;
    %load/vec4 v0x55a4c7a4aee0_0;
    %parti/s 5, 7, 4;
    %cmpi/e 2, 0, 5;
    %jmp/0xz  T_0.28, 4;
    %load/vec4 v0x55a4c7a4aee0_0;
    %parti/s 1, 12, 5;
    %replicate 3;
    %load/vec4 v0x55a4c7a4aee0_0;
    %parti/s 2, 3, 3;
    %concat/vec4; draw_concat_vec4
    %load/vec4 v0x55a4c7a4aee0_0;
    %parti/s 1, 5, 4;
    %concat/vec4; draw_concat_vec4
    %load/vec4 v0x55a4c7a4aee0_0;
    %parti/s 1, 2, 3;
    %concat/vec4; draw_concat_vec4
    %load/vec4 v0x55a4c7a4aee0_0;
    %parti/s 1, 6, 4;
    %concat/vec4; draw_concat_vec4
    %concati/vec4 0, 0, 4;
    %concati/vec4 2, 0, 5;
    %concati/vec4 0, 0, 3;
    %concati/vec4 2, 0, 5;
    %concati/vec4 19, 0, 7;
    %store/vec4 v0x55a4c7a4afa0_0, 0, 32;
T_0.28 ;
    %load/vec4 v0x55a4c7a4aee0_0;
    %parti/s 1, 12, 5;
    %load/vec4 v0x55a4c7a4aee0_0;
    %parti/s 5, 2, 3;
    %concat/vec4; draw_concat_vec4
    %cmpi/e 0, 0, 6;
    %jmp/0xz  T_0.30, 4;
    %pushi/vec4 1, 0, 1;
    %store/vec4 v0x55a4c7a4ae20_0, 0, 1;
T_0.30 ;
    %jmp T_0.27;
T_0.23 ;
    %load/vec4 v0x55a4c7a4aee0_0;
    %parti/s 2, 10, 5;
    %dup/vec4;
    %pushi/vec4 0, 0, 2;
    %cmp/u;
    %jmp/1 T_0.32, 6;
    %dup/vec4;
    %pushi/vec4 1, 0, 2;
    %cmp/u;
    %jmp/1 T_0.33, 6;
    %dup/vec4;
    %pushi/vec4 2, 0, 2;
    %cmp/u;
    %jmp/1 T_0.34, 6;
    %dup/vec4;
    %pushi/vec4 3, 0, 2;
    %cmp/u;
    %jmp/1 T_0.35, 6;
    %pushi/vec4 1, 0, 1;
    %store/vec4 v0x55a4c7a4ae20_0, 0, 1;
    %jmp T_0.37;
T_0.32 ;
    %pushi/vec4 0, 0, 1;
    %load/vec4 v0x55a4c7a4aee0_0;
    %parti/s 1, 10, 5;
    %concat/vec4; draw_concat_vec4
    %concati/vec4 0, 0, 5;
    %load/vec4 v0x55a4c7a4aee0_0;
    %parti/s 5, 2, 3;
    %concat/vec4; draw_concat_vec4
    %concati/vec4 1, 0, 2;
    %load/vec4 v0x55a4c7a4aee0_0;
    %parti/s 3, 7, 4;
    %concat/vec4; draw_concat_vec4
    %concati/vec4 5, 0, 3;
    %concati/vec4 1, 0, 2;
    %load/vec4 v0x55a4c7a4aee0_0;
    %parti/s 3, 7, 4;
    %concat/vec4; draw_concat_vec4
    %concati/vec4 19, 0, 7;
    %store/vec4 v0x55a4c7a4afa0_0, 0, 32;
    %load/vec4 v0x55a4c7a4aee0_0;
    %parti/s 1, 12, 5;
    %cmpi/e 1, 0, 1;
    %jmp/0xz  T_0.38, 4;
    %pushi/vec4 1, 0, 1;
    %store/vec4 v0x55a4c7a4ae20_0, 0, 1;
T_0.38 ;
    %jmp T_0.37;
T_0.33 ;
    %pushi/vec4 0, 0, 1;
    %load/vec4 v0x55a4c7a4aee0_0;
    %parti/s 1, 10, 5;
    %concat/vec4; draw_concat_vec4
    %concati/vec4 0, 0, 5;
    %load/vec4 v0x55a4c7a4aee0_0;
    %parti/s 5, 2, 3;
    %concat/vec4; draw_concat_vec4
    %concati/vec4 1, 0, 2;
    %load/vec4 v0x55a4c7a4aee0_0;
    %parti/s 3, 7, 4;
    %concat/vec4; draw_concat_vec4
    %concati/vec4 5, 0, 3;
    %concati/vec4 1, 0, 2;
    %load/vec4 v0x55a4c7a4aee0_0;
    %parti/s 3, 7, 4;
    %concat/vec4; draw_concat_vec4
    %concati/vec4 19, 0, 7;
    %store/vec4 v0x55a4c7a4afa0_0, 0, 32;
    %load/vec4 v0x55a4c7a4aee0_0;
    %parti/s 1, 12, 5;
    %cmpi/e 1, 0, 1;
    %jmp/0xz  T_0.40, 4;
    %pushi/vec4 1, 0, 1;
    %store/vec4 v0x55a4c7a4ae20_0, 0, 1;
T_0.40 ;
    %jmp T_0.37;
T_0.34 ;
    %load/vec4 v0x55a4c7a4aee0_0;
    %parti/s 1, 12, 5;
    %replicate 6;
    %load/vec4 v0x55a4c7a4aee0_0;
    %parti/s 1, 12, 5;
    %concat/vec4; draw_concat_vec4
    %load/vec4 v0x55a4c7a4aee0_0;
    %parti/s 5, 2, 3;
    %concat/vec4; draw_concat_vec4
    %concati/vec4 1, 0, 2;
    %load/vec4 v0x55a4c7a4aee0_0;
    %parti/s 3, 7, 4;
    %concat/vec4; draw_concat_vec4
    %concati/vec4 7, 0, 3;
    %concati/vec4 1, 0, 2;
    %load/vec4 v0x55a4c7a4aee0_0;
    %parti/s 3, 7, 4;
    %concat/vec4; draw_concat_vec4
    %concati/vec4 19, 0, 7;
    %store/vec4 v0x55a4c7a4afa0_0, 0, 32;
    %jmp T_0.37;
T_0.35 ;
    %load/vec4 v0x55a4c7a4aee0_0;
    %parti/s 1, 12, 5;
    %load/vec4 v0x55a4c7a4aee0_0;
    %parti/s 2, 5, 4;
    %concat/vec4; draw_concat_vec4
    %dup/vec4;
    %pushi/vec4 0, 0, 3;
    %cmp/u;
    %jmp/1 T_0.42, 6;
    %dup/vec4;
    %pushi/vec4 1, 0, 3;
    %cmp/u;
    %jmp/1 T_0.43, 6;
    %dup/vec4;
    %pushi/vec4 2, 0, 3;
    %cmp/u;
    %jmp/1 T_0.44, 6;
    %dup/vec4;
    %pushi/vec4 3, 0, 3;
    %cmp/u;
    %jmp/1 T_0.45, 6;
    %dup/vec4;
    %pushi/vec4 4, 0, 3;
    %cmp/u;
    %jmp/1 T_0.46, 6;
    %dup/vec4;
    %pushi/vec4 5, 0, 3;
    %cmp/u;
    %jmp/1 T_0.47, 6;
    %dup/vec4;
    %pushi/vec4 6, 0, 3;
    %cmp/u;
    %jmp/1 T_0.48, 6;
    %dup/vec4;
    %pushi/vec4 7, 0, 3;
    %cmp/u;
    %jmp/1 T_0.49, 6;
    %pushi/vec4 1, 0, 1;
    %store/vec4 v0x55a4c7a4ae20_0, 0, 1;
    %jmp T_0.51;
T_0.42 ;
    %pushi/vec4 1, 0, 2;
    %concati/vec4 0, 0, 5;
    %concati/vec4 1, 0, 2;
    %load/vec4 v0x55a4c7a4aee0_0;
    %parti/s 3, 2, 3;
    %concat/vec4; draw_concat_vec4
    %concati/vec4 1, 0, 2;
    %load/vec4 v0x55a4c7a4aee0_0;
    %parti/s 3, 7, 4;
    %concat/vec4; draw_concat_vec4
    %concati/vec4 0, 0, 3;
    %concati/vec4 1, 0, 2;
    %load/vec4 v0x55a4c7a4aee0_0;
    %parti/s 3, 7, 4;
    %concat/vec4; draw_concat_vec4
    %concati/vec4 51, 0, 7;
    %store/vec4 v0x55a4c7a4afa0_0, 0, 32;
    %jmp T_0.51;
T_0.43 ;
    %pushi/vec4 0, 0, 7;
    %concati/vec4 1, 0, 2;
    %load/vec4 v0x55a4c7a4aee0_0;
    %parti/s 3, 2, 3;
    %concat/vec4; draw_concat_vec4
    %concati/vec4 1, 0, 2;
    %load/vec4 v0x55a4c7a4aee0_0;
    %parti/s 3, 7, 4;
    %concat/vec4; draw_concat_vec4
    %concati/vec4 4, 0, 3;
    %concati/vec4 1, 0, 2;
    %load/vec4 v0x55a4c7a4aee0_0;
    %parti/s 3, 7, 4;
    %concat/vec4; draw_concat_vec4
    %concati/vec4 51, 0, 7;
    %store/vec4 v0x55a4c7a4afa0_0, 0, 32;
    %jmp T_0.51;
T_0.44 ;
    %pushi/vec4 0, 0, 7;
    %concati/vec4 1, 0, 2;
    %load/vec4 v0x55a4c7a4aee0_0;
    %parti/s 3, 2, 3;
    %concat/vec4; draw_concat_vec4
    %concati/vec4 1, 0, 2;
    %load/vec4 v0x55a4c7a4aee0_0;
    %parti/s 3, 7, 4;
    %concat/vec4; draw_concat_vec4
    %concati/vec4 6, 0, 3;
    %concati/vec4 1, 0, 2;
    %load/vec4 v0x55a4c7a4aee0_0;
    %parti/s 3, 7, 4;
    %concat/vec4; draw_concat_vec4
    %concati/vec4 51, 0, 7;
    %store/vec4 v0x55a4c7a4afa0_0, 0, 32;
    %jmp T_0.51;
T_0.45 ;
    %pushi/vec4 0, 0, 7;
    %concati/vec4 1, 0, 2;
    %load/vec4 v0x55a4c7a4aee0_0;
    %parti/s 3, 2, 3;
    %concat/vec4; draw_concat_vec4
    %concati/vec4 1, 0, 2;
    %load/vec4 v0x55a4c7a4aee0_0;
    %parti/s 3, 7, 4;
    %concat/vec4; draw_concat_vec4
    %concati/vec4 7, 0, 3;
    %concati/vec4 1, 0, 2;
    %load/vec4 v0x55a4c7a4aee0_0;
    %parti/s 3, 7, 4;
    %concat/vec4; draw_concat_vec4
    %concati/vec4 51, 0, 7;
    %store/vec4 v0x55a4c7a4afa0_0, 0, 32;
    %jmp T_0.51;
T_0.46 ;
    %pushi/vec4 1, 0, 1;
    %store/vec4 v0x55a4c7a4ae20_0, 0, 1;
    %jmp T_0.51;
T_0.47 ;
    %pushi/vec4 1, 0, 1;
    %store/vec4 v0x55a4c7a4ae20_0, 0, 1;
    %jmp T_0.51;
T_0.48 ;
    %pushi/vec4 1, 0, 1;
    %store/vec4 v0x55a4c7a4ae20_0, 0, 1;
    %jmp T_0.51;
T_0.49 ;
    %pushi/vec4 1, 0, 1;
    %store/vec4 v0x55a4c7a4ae20_0, 0, 1;
    %jmp T_0.51;
T_0.51 ;
    %pop/vec4 1;
    %jmp T_0.37;
T_0.37 ;
    %pop/vec4 1;
    %jmp T_0.27;
T_0.24 ;
    %load/vec4 v0x55a4c7a4aee0_0;
    %parti/s 1, 12, 5;
    %replicate 4;
    %load/vec4 v0x55a4c7a4aee0_0;
    %parti/s 2, 5, 4;
    %concat/vec4; draw_concat_vec4
    %load/vec4 v0x55a4c7a4aee0_0;
    %parti/s 1, 2, 3;
    %concat/vec4; draw_concat_vec4
    %concati/vec4 0, 0, 5;
    %concati/vec4 1, 0, 2;
    %load/vec4 v0x55a4c7a4aee0_0;
    %parti/s 3, 7, 4;
    %concat/vec4; draw_concat_vec4
    %concati/vec4 0, 0, 2;
    %load/vec4 v0x55a4c7a4aee0_0;
    %parti/s 1, 13, 5;
    %concat/vec4; draw_concat_vec4
    %load/vec4 v0x55a4c7a4aee0_0;
    %parti/s 2, 10, 5;
    %concat/vec4; draw_concat_vec4
    %load/vec4 v0x55a4c7a4aee0_0;
    %parti/s 2, 3, 3;
    %concat/vec4; draw_concat_vec4
    %load/vec4 v0x55a4c7a4aee0_0;
    %parti/s 1, 12, 5;
    %concat/vec4; draw_concat_vec4
    %concati/vec4 99, 0, 7;
    %store/vec4 v0x55a4c7a4afa0_0, 0, 32;
    %jmp T_0.27;
T_0.25 ;
    %load/vec4 v0x55a4c7a4aee0_0;
    %parti/s 1, 12, 5;
    %replicate 4;
    %load/vec4 v0x55a4c7a4aee0_0;
    %parti/s 2, 5, 4;
    %concat/vec4; draw_concat_vec4
    %load/vec4 v0x55a4c7a4aee0_0;
    %parti/s 1, 2, 3;
    %concat/vec4; draw_concat_vec4
    %concati/vec4 0, 0, 5;
    %concati/vec4 1, 0, 2;
    %load/vec4 v0x55a4c7a4aee0_0;
    %parti/s 3, 7, 4;
    %concat/vec4; draw_concat_vec4
    %concati/vec4 0, 0, 2;
    %load/vec4 v0x55a4c7a4aee0_0;
    %parti/s 1, 13, 5;
    %concat/vec4; draw_concat_vec4
    %load/vec4 v0x55a4c7a4aee0_0;
    %parti/s 2, 10, 5;
    %concat/vec4; draw_concat_vec4
    %load/vec4 v0x55a4c7a4aee0_0;
    %parti/s 2, 3, 3;
    %concat/vec4; draw_concat_vec4
    %load/vec4 v0x55a4c7a4aee0_0;
    %parti/s 1, 12, 5;
    %concat/vec4; draw_concat_vec4
    %concati/vec4 99, 0, 7;
    %store/vec4 v0x55a4c7a4afa0_0, 0, 32;
    %jmp T_0.27;
T_0.27 ;
    %pop/vec4 1;
    %jmp T_0.5;
T_0.2 ;
    %load/vec4 v0x55a4c7a4aee0_0;
    %parti/s 3, 13, 5;
    %dup/vec4;
    %pushi/vec4 0, 0, 3;
    %cmp/u;
    %jmp/1 T_0.52, 6;
    %dup/vec4;
    %pushi/vec4 2, 0, 3;
    %cmp/u;
    %jmp/1 T_0.53, 6;
    %dup/vec4;
    %pushi/vec4 4, 0, 3;
    %cmp/u;
    %jmp/1 T_0.54, 6;
    %dup/vec4;
    %pushi/vec4 6, 0, 3;
    %cmp/u;
    %jmp/1 T_0.55, 6;
    %dup/vec4;
    %pushi/vec4 1, 0, 3;
    %cmp/u;
    %jmp/1 T_0.56, 6;
    %dup/vec4;
    %pushi/vec4 3, 0, 3;
    %cmp/u;
    %jmp/1 T_0.57, 6;
    %dup/vec4;
    %pushi/vec4 5, 0, 3;
    %cmp/u;
    %jmp/1 T_0.58, 6;
    %dup/vec4;
    %pushi/vec4 7, 0, 3;
    %cmp/u;
    %jmp/1 T_0.59, 6;
    %pushi/vec4 1, 0, 1;
    %store/vec4 v0x55a4c7a4ae20_0, 0, 1;
    %jmp T_0.61;
T_0.52 ;
    %pushi/vec4 0, 0, 7;
    %load/vec4 v0x55a4c7a4aee0_0;
    %parti/s 5, 2, 3;
    %concat/vec4; draw_concat_vec4
    %load/vec4 v0x55a4c7a4aee0_0;
    %parti/s 5, 7, 4;
    %concat/vec4; draw_concat_vec4
    %concati/vec4 1, 0, 3;
    %load/vec4 v0x55a4c7a4aee0_0;
    %parti/s 5, 7, 4;
    %concat/vec4; draw_concat_vec4
    %concati/vec4 19, 0, 7;
    %store/vec4 v0x55a4c7a4afa0_0, 0, 32;
    %load/vec4 v0x55a4c7a4aee0_0;
    %parti/s 1, 12, 5;
    %cmpi/e 1, 0, 1;
    %jmp/0xz  T_0.62, 4;
    %pushi/vec4 1, 0, 1;
    %store/vec4 v0x55a4c7a4ae20_0, 0, 1;
T_0.62 ;
    %jmp T_0.61;
T_0.53 ;
    %pushi/vec4 0, 0, 4;
    %load/vec4 v0x55a4c7a4aee0_0;
    %parti/s 2, 2, 3;
    %concat/vec4; draw_concat_vec4
    %load/vec4 v0x55a4c7a4aee0_0;
    %parti/s 1, 12, 5;
    %concat/vec4; draw_concat_vec4
    %load/vec4 v0x55a4c7a4aee0_0;
    %parti/s 3, 4, 4;
    %concat/vec4; draw_concat_vec4
    %concati/vec4 0, 0, 2;
    %concati/vec4 2, 0, 5;
    %concati/vec4 2, 0, 3;
    %load/vec4 v0x55a4c7a4aee0_0;
    %parti/s 5, 7, 4;
    %concat/vec4; draw_concat_vec4
    %concati/vec4 3, 0, 7;
    %store/vec4 v0x55a4c7a4afa0_0, 0, 32;
    %load/vec4 v0x55a4c7a4aee0_0;
    %parti/s 5, 7, 4;
    %cmpi/e 0, 0, 5;
    %jmp/0xz  T_0.64, 4;
    %pushi/vec4 1, 0, 1;
    %store/vec4 v0x55a4c7a4ae20_0, 0, 1;
T_0.64 ;
    %jmp T_0.61;
T_0.54 ;
    %load/vec4 v0x55a4c7a4aee0_0;
    %parti/s 1, 12, 5;
    %cmpi/e 0, 0, 1;
    %jmp/0xz  T_0.66, 4;
    %load/vec4 v0x55a4c7a4aee0_0;
    %parti/s 5, 2, 3;
    %cmpi/ne 0, 0, 5;
    %jmp/0xz  T_0.68, 4;
    %pushi/vec4 0, 0, 7;
    %load/vec4 v0x55a4c7a4aee0_0;
    %parti/s 5, 2, 3;
    %concat/vec4; draw_concat_vec4
    %concati/vec4 0, 0, 5;
    %concati/vec4 0, 0, 3;
    %load/vec4 v0x55a4c7a4aee0_0;
    %parti/s 5, 7, 4;
    %concat/vec4; draw_concat_vec4
    %concati/vec4 51, 0, 7;
    %store/vec4 v0x55a4c7a4afa0_0, 0, 32;
    %jmp T_0.69;
T_0.68 ;
    %pushi/vec4 0, 0, 12;
    %load/vec4 v0x55a4c7a4aee0_0;
    %parti/s 5, 7, 4;
    %concat/vec4; draw_concat_vec4
    %concati/vec4 0, 0, 3;
    %concati/vec4 0, 0, 5;
    %concati/vec4 103, 0, 7;
    %store/vec4 v0x55a4c7a4afa0_0, 0, 32;
    %load/vec4 v0x55a4c7a4aee0_0;
    %parti/s 5, 7, 4;
    %cmpi/e 0, 0, 5;
    %jmp/0xz  T_0.70, 4;
    %pushi/vec4 1, 0, 1;
    %store/vec4 v0x55a4c7a4ae20_0, 0, 1;
T_0.70 ;
T_0.69 ;
    %jmp T_0.67;
T_0.66 ;
    %load/vec4 v0x55a4c7a4aee0_0;
    %parti/s 5, 2, 3;
    %cmpi/ne 0, 0, 5;
    %jmp/0xz  T_0.72, 4;
    %pushi/vec4 0, 0, 7;
    %load/vec4 v0x55a4c7a4aee0_0;
    %parti/s 5, 2, 3;
    %concat/vec4; draw_concat_vec4
    %load/vec4 v0x55a4c7a4aee0_0;
    %parti/s 5, 7, 4;
    %concat/vec4; draw_concat_vec4
    %concati/vec4 0, 0, 3;
    %load/vec4 v0x55a4c7a4aee0_0;
    %parti/s 5, 7, 4;
    %concat/vec4; draw_concat_vec4
    %concati/vec4 51, 0, 7;
    %store/vec4 v0x55a4c7a4afa0_0, 0, 32;
    %jmp T_0.73;
T_0.72 ;
    %load/vec4 v0x55a4c7a4aee0_0;
    %parti/s 5, 7, 4;
    %cmpi/e 0, 0, 5;
    %jmp/0xz  T_0.74, 4;
    %pushi/vec4 1048691, 0, 32;
    %store/vec4 v0x55a4c7a4afa0_0, 0, 32;
    %jmp T_0.75;
T_0.74 ;
    %pushi/vec4 0, 0, 12;
    %load/vec4 v0x55a4c7a4aee0_0;
    %parti/s 5, 7, 4;
    %concat/vec4; draw_concat_vec4
    %concati/vec4 0, 0, 3;
    %concati/vec4 1, 0, 5;
    %concati/vec4 103, 0, 7;
    %store/vec4 v0x55a4c7a4afa0_0, 0, 32;
T_0.75 ;
T_0.73 ;
T_0.67 ;
    %jmp T_0.61;
T_0.55 ;
    %pushi/vec4 0, 0, 4;
    %load/vec4 v0x55a4c7a4aee0_0;
    %parti/s 2, 7, 4;
    %concat/vec4; draw_concat_vec4
    %load/vec4 v0x55a4c7a4aee0_0;
    %parti/s 1, 12, 5;
    %concat/vec4; draw_concat_vec4
    %load/vec4 v0x55a4c7a4aee0_0;
    %parti/s 5, 2, 3;
    %concat/vec4; draw_concat_vec4
    %concati/vec4 2, 0, 5;
    %concati/vec4 2, 0, 3;
    %load/vec4 v0x55a4c7a4aee0_0;
    %parti/s 3, 9, 5;
    %concat/vec4; draw_concat_vec4
    %concati/vec4 0, 0, 2;
    %concati/vec4 35, 0, 7;
    %store/vec4 v0x55a4c7a4afa0_0, 0, 32;
    %jmp T_0.61;
T_0.56 ;
    %pushi/vec4 1, 0, 1;
    %store/vec4 v0x55a4c7a4ae20_0, 0, 1;
    %jmp T_0.61;
T_0.57 ;
    %pushi/vec4 1, 0, 1;
    %store/vec4 v0x55a4c7a4ae20_0, 0, 1;
    %jmp T_0.61;
T_0.58 ;
    %pushi/vec4 1, 0, 1;
    %store/vec4 v0x55a4c7a4ae20_0, 0, 1;
    %jmp T_0.61;
T_0.59 ;
    %pushi/vec4 1, 0, 1;
    %store/vec4 v0x55a4c7a4ae20_0, 0, 1;
    %jmp T_0.61;
T_0.61 ;
    %pop/vec4 1;
    %jmp T_0.5;
T_0.3 ;
    %jmp T_0.5;
T_0.5 ;
    %pop/vec4 1;
    %jmp T_0;
    .thread T_0, $push;
    .scope S_0x55a4c7a1d5a0;
T_1 ;
    %wait E_0x55a4c7a1e790;
    %load/vec4 v0x55a4c7a4aee0_0;
    %parti/s 2, 0, 2;
    %pushi/vec4 3, 0, 2;
    %cmp/e;
    %flag_get/vec4 4;
    %inv;
    %store/vec4 v0x55a4c7a4b080_0, 0, 1;
    %jmp T_1;
    .thread T_1, $push;
    .scope S_0x55a4c79c8110;
T_2 ;
    %wait E_0x55a4c7a20070;
    %load/vec4 v0x55a4c7a4bee0_0;
    %nor/r;
    %flag_set/vec4 8;
    %jmp/0xz  T_2.0, 8;
    %pushi/vec4 0, 0, 32;
    %assign/vec4 v0x55a4c7a4b750_0, 0;
    %pushi/vec4 0, 0, 32;
    %assign/vec4 v0x55a4c7a4b690_0, 0;
    %jmp T_2.1;
T_2.0 ;
    %load/vec4 v0x55a4c7a4bd40_0;
    %assign/vec4 v0x55a4c7a4b750_0, 0;
    %load/vec4 v0x55a4c7a4bfb0_0;
    %flag_set/vec4 8;
    %jmp/0 T_2.2, 8;
    %load/vec4 v0x55a4c7a4b690_0;
    %jmp/1 T_2.3, 8;
T_2.2 ; End of true expr.
    %load/vec4 v0x55a4c7a4b750_0;
    %jmp/0 T_2.3, 8;
 ; End of false expr.
    %blend;
T_2.3;
    %assign/vec4 v0x55a4c7a4b690_0, 0;
T_2.1 ;
    %jmp T_2;
    .thread T_2;
    .scope S_0x55a4c79c8110;
T_3 ;
    %wait E_0x55a4c7a1efc0;
    %load/vec4 v0x55a4c7a4bb40_0;
    %flag_set/vec4 8;
    %jmp/0xz  T_3.0, 8;
    %pushi/vec4 0, 0, 32;
    %assign/vec4 v0x55a4c7a4b5b0_0, 0;
    %jmp T_3.1;
T_3.0 ;
    %load/vec4 v0x55a4c7a4b940_0;
    %assign/vec4 v0x55a4c7a4b5b0_0, 0;
T_3.1 ;
    %jmp T_3;
    .thread T_3;
    .scope S_0x55a4c79c8110;
T_4 ;
    %wait E_0x55a4c7a20450;
    %load/vec4 v0x55a4c7a4bfb0_0;
    %flag_set/vec4 8;
    %jmp/0xz  T_4.0, 8;
    %load/vec4 v0x55a4c7a4b750_0;
    %subi 4, 0, 32;
    %store/vec4 v0x55a4c7a4bd40_0, 0, 32;
    %jmp T_4.1;
T_4.0 ;
    %load/vec4 v0x55a4c7a4be20_0;
    %cmpi/e 1, 0, 1;
    %jmp/0xz  T_4.2, 4;
    %load/vec4 v0x55a4c7a4bc80_0;
    %store/vec4 v0x55a4c7a4bd40_0, 0, 32;
    %jmp T_4.3;
T_4.2 ;
    %load/vec4 v0x55a4c7a4b750_0;
    %addi 4, 0, 32;
    %store/vec4 v0x55a4c7a4bd40_0, 0, 32;
T_4.3 ;
T_4.1 ;
    %jmp T_4;
    .thread T_4, $push;
# The file index is used to find the file name in the following table.
:file_names 4;
    "N/A";
    "<interactive>";
    "IF_stage.v";
    "COMPRESSED_DECODER.v";
