xrun: 23.09-s001: (c) Copyright 1995-2023 Cadence Design Systems, Inc.
TOOL:	xrun	23.09-s001: Started on Oct 01, 2024 at 15:27:37 +07
xrun
	-sv
	ALU.sv
	COMPRESSED_DECODER.sv
	control_hazard.sv
	controller.sv
	CPU_EDABK_TOP.sv
	csr_register.sv
	csr.sv
	decoder.sv
	EX_stage.sv
	ID_stage.sv
	IF_stage.sv
	MEM_stage.sv
	pkg.sv
	register_file.sv
	SLEEP_UNIT.sv
	test.sv
	WB_stage.sv
	defi.vh
	pkg.sv
file: ALU.sv
	module worklib.ALU:sv
		errors: 0, warnings: 0
file: COMPRESSED_DECODER.sv
	module worklib.compressed_decoder:sv
		errors: 0, warnings: 0
file: control_hazard.sv
	module worklib.CONTROL_HAZARD:sv
		errors: 0, warnings: 0
file: controller.sv
	module worklib.controller:sv
		errors: 0, warnings: 0
file: CPU_EDABK_TOP.sv
  ,.ID_illegal_insn_o (ID_illegal_insn         )             
                                     |
xmvlog: *E,DUPIMP (CPU_EDABK_TOP.sv,157|37): Identifier 'ID_illegal_insn', implicitly declared here, first as a wire, is subsequently redeclared.
logic ID_illegal_insn       ; 
                    |
xmvlog: *E,DUPIDN (CPU_EDABK_TOP.sv,301|20): identifier 'ID_illegal_insn' previously declared [12.5(IEEE)].
  ,.ID_ecall_insn_o   (ID_ecall_insn           )             
                                   |
xmvlog: *E,DUPIMP (CPU_EDABK_TOP.sv,156|35): Identifier 'ID_ecall_insn', implicitly declared here, first as a wire, is subsequently redeclared.
logic ID_ecall_insn         ; 
                  |
xmvlog: *E,DUPIDN (CPU_EDABK_TOP.sv,302|18): identifier 'ID_ecall_insn' previously declared [12.5(IEEE)].
  ,.ID_mret_insn_o    (ID_mret_insn            )             
                                  |
xmvlog: *E,DUPIMP (CPU_EDABK_TOP.sv,159|34): Identifier 'ID_mret_insn', implicitly declared here, first as a wire, is subsequently redeclared.
logic ID_mret_insn          ; 
                 |
xmvlog: *E,DUPIDN (CPU_EDABK_TOP.sv,303|17): identifier 'ID_mret_insn' previously declared [12.5(IEEE)].
  ,.ID_dret_insn_o    (ID_dret_insn            )             
                                  |
xmvlog: *E,DUPIMP (CPU_EDABK_TOP.sv,155|34): Identifier 'ID_dret_insn', implicitly declared here, first as a wire, is subsequently redeclared.
logic ID_dret_insn          ; 
                 |
xmvlog: *E,DUPIDN (CPU_EDABK_TOP.sv,304|17): identifier 'ID_dret_insn' previously declared [12.5(IEEE)].
  ,.ID_wfi_insn_o     (ID_wfi_insn             )             
                                 |
xmvlog: *E,DUPIMP (CPU_EDABK_TOP.sv,160|33): Identifier 'ID_wfi_insn', implicitly declared here, first as a wire, is subsequently redeclared.
logic ID_wfi_insn           ; 
                |
xmvlog: *E,DUPIDN (CPU_EDABK_TOP.sv,305|16): identifier 'ID_wfi_insn' previously declared [12.5(IEEE)].
  ,.ID_ebrk_insn_o    (ID_ebrk_insn            )             
                                  |
xmvlog: *E,DUPIMP (CPU_EDABK_TOP.sv,158|34): Identifier 'ID_ebrk_insn', implicitly declared here, first as a wire, is subsequently redeclared.
logic ID_ebrk_insn          ; 
                 |
xmvlog: *E,DUPIDN (CPU_EDABK_TOP.sv,306|17): identifier 'ID_ebrk_insn' previously declared [12.5(IEEE)].
logic ID_pc                 ;   
          |
xmvlog: *E,DUPIDN (CPU_EDABK_TOP.sv,314|10): identifier 'ID_pc' previously declared [12.5(IEEE)].
logic debug_ebreakm        ;  
                  |
xmvlog: *E,DUPIDN (CPU_EDABK_TOP.sv,332|18): identifier 'debug_ebreakm' previously declared [12.5(IEEE)].
  ,.instr_valid_clear_o     (instr_valid_clear     )     
                                             |
xmvlog: *E,DUPIMP (CPU_EDABK_TOP.sv,378|45): Identifier 'instr_valid_clear', implicitly declared here, first as a wire, is subsequently redeclared.
  logic instr_valid_clear             ;            
                        |
xmvlog: *E,DUPIDN (CPU_EDABK_TOP.sv,408|24): identifier 'instr_valid_clear' previously declared [12.5(IEEE)].
  ,.controller_run_o        (controller_run        )     
                                          |
xmvlog: *E,DUPIMP (CPU_EDABK_TOP.sv,379|42): Identifier 'controller_run', implicitly declared here, first as a wire, is subsequently redeclared.
  logic controller_run                ;
                     |
xmvlog: *E,DUPIDN (CPU_EDABK_TOP.sv,409|21): identifier 'controller_run' previously declared [12.5(IEEE)].
  ,.instr_req_o             (instr_req             )     
                                     |
xmvlog: *E,DUPIMP (CPU_EDABK_TOP.sv,380|37): Identifier 'instr_req', implicitly declared here, first as a wire, is subsequently redeclared.
  logic instr_req                     ;
                |
xmvlog: *E,DUPIDN (CPU_EDABK_TOP.sv,410|16): identifier 'instr_req' previously declared [12.5(IEEE)].
  ,.pc_set_o                (pc_set                )     
                                  |
xmvlog: *E,DUPIMP (CPU_EDABK_TOP.sv,381|34): Identifier 'pc_set', implicitly declared here, first as a wire, is subsequently redeclared.
  logic pc_set                        ;
             |
xmvlog: *E,DUPIDN (CPU_EDABK_TOP.sv,411|13): identifier 'pc_set' previously declared [12.5(IEEE)].
  ,.pc_mux_o                (pc_mux                )     
                                  |
xmvlog: *E,DUPIMP (CPU_EDABK_TOP.sv,382|34): Identifier 'pc_mux', implicitly declared here, first as a wire, is subsequently redeclared.
  logic pc_mux                        ;
             |
xmvlog: *E,DUPIDN (CPU_EDABK_TOP.sv,412|13): identifier 'pc_mux' previously declared [12.5(IEEE)].
  ,.exc_pc_mux_o            (exc_pc_mux            )     
                                      |
xmvlog: *E,DUPIMP (CPU_EDABK_TOP.sv,383|38): Identifier 'exc_pc_mux', implicitly declared here, first as a wire, is subsequently redeclared.
  logic exc_pc_mux                    ;
                 |
xmvlog: *E,DUPIDN (CPU_EDABK_TOP.sv,413|17): identifier 'exc_pc_mux' previously declared [12.5(IEEE)].
  ,.flush_o                 (flush                 )     
                                 |
xmvlog: *E,DUPIMP (CPU_EDABK_TOP.sv,384|33): Identifier 'flush', implicitly declared here, first as a wire, is subsequently redeclared.
  logic flush                         ;
            |
xmvlog: *E,DUPIDN (CPU_EDABK_TOP.sv,414|12): identifier 'flush' previously declared [12.5(IEEE)].
  ,.exc_cause_o             (exc_cause             )     
                                     |
xmvlog: *E,DUPIMP (CPU_EDABK_TOP.sv,385|37): Identifier 'exc_cause', implicitly declared here, first as a wire, is subsequently redeclared.
  logic exc_cause                     ;
                |
xmvlog: *E,DUPIDN (CPU_EDABK_TOP.sv,415|16): identifier 'exc_cause' previously declared [12.5(IEEE)].
  ,.nmi_mode_o              (nmi_mode              )     
                                    |
xmvlog: *E,DUPIMP (CPU_EDABK_TOP.sv,395|36): Identifier 'nmi_mode', implicitly declared here, first as a wire, is subsequently redeclared.
  logic nmi_mode                      ;
               |
xmvlog: *E,DUPIDN (CPU_EDABK_TOP.sv,416|15): identifier 'nmi_mode' previously declared [12.5(IEEE)].
  ,.debug_cause_o           (debug_cause           )     
                                       |
xmvlog: *E,DUPIMP (CPU_EDABK_TOP.sv,386|39): Identifier 'debug_cause', implicitly declared here, first as a wire, is subsequently redeclared.
  debug_cause_e debug_cause           ;
                          |
xmvlog: *E,DUPIDN (CPU_EDABK_TOP.sv,417|26): identifier 'debug_cause' previously declared [12.5(IEEE)].
  ,.csr_mtval_o             (csr_mtval             )     
                                     |
xmvlog: *E,DUPIMP (CPU_EDABK_TOP.sv,387|37): Identifier 'csr_mtval', implicitly declared here, first as a wire, is subsequently redeclared.
  logic [31:0] csr_mtval              ;
                       |
xmvlog: *E,DUPIDN (CPU_EDABK_TOP.sv,418|23): identifier 'csr_mtval' previously declared [12.5(IEEE)].
  logic csr_mstatus_mie               ;
                      |
xmvlog: *E,DUPIDN (CPU_EDABK_TOP.sv,419|22): identifier 'csr_mstatus_mie' previously declared [12.5(IEEE)].
  ,.csr_save_o              (csr_save              )     
                                    |
xmvlog: *E,DUPIMP (CPU_EDABK_TOP.sv,389|36): Identifier 'csr_save', implicitly declared here, first as a wire, is subsequently redeclared.
  logic csr_save                      ;
               |
xmvlog: *E,DUPIDN (CPU_EDABK_TOP.sv,420|15): identifier 'csr_save' previously declared [12.5(IEEE)].
  ,.csr_restore_mret_o      (csr_restore_mret      )     
                                            |
xmvlog: *E,DUPIMP (CPU_EDABK_TOP.sv,390|44): Identifier 'csr_restore_mret', implicitly declared here, first as a wire, is subsequently redeclared.
  logic csr_restore_mret              ;
                       |
xmvlog: *E,DUPIDN (CPU_EDABK_TOP.sv,421|23): identifier 'csr_restore_mret' previously declared [12.5(IEEE)].
  ,.csr_restore_dret_o      (csr_restore_dret      )     
                                            |
xmvlog: *E,DUPIMP (CPU_EDABK_TOP.sv,391|44): Identifier 'csr_restore_dret', implicitly declared here, first as a wire, is subsequently redeclared.
  logic csr_restore_dret              ;
                       |
xmvlog: *E,DUPIDN (CPU_EDABK_TOP.sv,422|23): identifier 'csr_restore_dret' previously declared [12.5(IEEE)].
  ,.csr_save_cause_o        (csr_save_cause        )     
                                          |
xmvlog: *E,DUPIMP (CPU_EDABK_TOP.sv,392|42): Identifier 'csr_save_cause', implicitly declared here, first as a wire, is subsequently redeclared.
  logic csr_save_cause                ;
                     |
xmvlog: *E,DUPIDN (CPU_EDABK_TOP.sv,423|21): identifier 'csr_save_cause' previously declared [12.5(IEEE)].
  logic irq_pending                   ;
                  |
xmvlog: *E,DUPIDN (CPU_EDABK_TOP.sv,424|18): identifier 'irq_pending' previously declared [12.5(IEEE)].
  logic irqs                          ;
           |
xmvlog: *E,DUPIDN (CPU_EDABK_TOP.sv,425|11): identifier 'irqs' previously declared [12.5(IEEE)].
  ,.nmi_mode_o              (nmi_mode              )     
                                    |
xmvlog: *E,DUPIMP (CPU_EDABK_TOP.sv,395|36): Identifier 'nmi_mode', implicitly declared here, first as a wire, is subsequently redeclared.
  logic nmi_mode                      ;
               |
xmvlog: *E,DUPIDN (CPU_EDABK_TOP.sv,426|15): identifier 'nmi_mode' previously declared [12.5(IEEE)].
  logic core_sleep                    ;
                 |
xmvlog: *E,DUPIDN (CPU_EDABK_TOP.sv,427|17): identifier 'core_sleep' previously declared [12.5(IEEE)].
  ,.debug_mode_o            (debug_mode            )     
                                      |
xmvlog: *E,DUPIMP (CPU_EDABK_TOP.sv,397|38): Identifier 'debug_mode', implicitly declared here, first as a wire, is subsequently redeclared.
  logic debug_mode                    ;
                 |
xmvlog: *E,DUPIDN (CPU_EDABK_TOP.sv,428|17): identifier 'debug_mode' previously declared [12.5(IEEE)].
  ,.debug_mode_entering_o   (debug_mode_entering   )     
                                               |
xmvlog: *E,DUPIMP (CPU_EDABK_TOP.sv,398|47): Identifier 'debug_mode_entering', implicitly declared here, first as a wire, is subsequently redeclared.
  logic debug_mode_entering           ;
                          |
xmvlog: *E,DUPIDN (CPU_EDABK_TOP.sv,429|26): identifier 'debug_mode_entering' previously declared [12.5(IEEE)].
  ,.ctrl_busy_o             (ctrl_busy        )  
                                     |
xmvlog: *E,DUPIMP (CPU_EDABK_TOP.sv,401|37): Identifier 'ctrl_busy', implicitly declared here, first as a wire, is subsequently redeclared.
  logic ctrl_busy                     ;            
                |
xmvlog: *E,DUPIDN (CPU_EDABK_TOP.sv,431|16): identifier 'ctrl_busy' previously declared [12.5(IEEE)].
  ,.exception_o             (exception        )  
                                     |
xmvlog: *E,DUPIMP (CPU_EDABK_TOP.sv,402|37): Identifier 'exception', implicitly declared here, first as a wire, is subsequently redeclared.
  logic exception                     ;
                |
xmvlog: *E,DUPIDN (CPU_EDABK_TOP.sv,432|16): identifier 'exception' previously declared [12.5(IEEE)].
  ,.perf_jump_o             (perf_jump        )  
                                     |
xmvlog: *E,DUPIMP (CPU_EDABK_TOP.sv,403|37): Identifier 'perf_jump', implicitly declared here, first as a wire, is subsequently redeclared.
  logic perf_jump                     ;
                |
xmvlog: *E,DUPIDN (CPU_EDABK_TOP.sv,433|16): identifier 'perf_jump' previously declared [12.5(IEEE)].
  ,.perf_branch_o           (perf_branch      )  
                                       |
xmvlog: *E,DUPIMP (CPU_EDABK_TOP.sv,404|39): Identifier 'perf_branch', implicitly declared here, first as a wire, is subsequently redeclared.
  logic perf_branch                   ;
                  |
xmvlog: *E,DUPIDN (CPU_EDABK_TOP.sv,434|18): identifier 'perf_branch' previously declared [12.5(IEEE)].
  ,.debug_csr_save_o        (debug_csr_save   )  
                                          |
xmvlog: *E,DUPIMP (CPU_EDABK_TOP.sv,405|42): Identifier 'debug_csr_save', implicitly declared here, first as a wire, is subsequently redeclared.
  logic debug_csr_save                ;
                     |
xmvlog: *E,DUPIDN (CPU_EDABK_TOP.sv,435|21): identifier 'debug_csr_save' previously declared [12.5(IEEE)].
  ,.nmi_mode_o              (nmi_mode              )     
                                    |
xmvlog: *E,DUPIMP (CPU_EDABK_TOP.sv,395|36): Identifier 'nmi_mode', implicitly declared here, first as a wire, is subsequently redeclared.
  logic  nmi_mode                        ;
                |
xmvlog: *E,DUPIDN (CPU_EDABK_TOP.sv,456|16): identifier 'nmi_mode' previously declared [12.5(IEEE)].
  logic  irq_pending                     ;
                   |
xmvlog: *E,DUPIDN (CPU_EDABK_TOP.sv,457|19): identifier 'irq_pending' previously declared [12.5(IEEE)].
  irqs_t irqs                            ;
            |
xmvlog: *E,DUPIDN (CPU_EDABK_TOP.sv,458|12): identifier 'irqs' previously declared [12.5(IEEE)].
  logic  csr_mstatus_mie                 ;
                       |
xmvlog: *E,DUPIDN (CPU_EDABK_TOP.sv,459|23): identifier 'csr_mstatus_mie' previously declared [12.5(IEEE)].
  ,.csr_mtval_o             (csr_mtval             )     
                                     |
xmvlog: *E,DUPIMP (CPU_EDABK_TOP.sv,387|37): Identifier 'csr_mtval', implicitly declared here, first as a wire, is subsequently redeclared.
  logic  [31:0] csr_mtval                ;
                        |
xmvlog: *E,DUPIDN (CPU_EDABK_TOP.sv,461|24): identifier 'csr_mtval' previously declared [12.5(IEEE)].
  ,.debug_mode_o            (debug_mode            )     
                                      |
xmvlog: *E,DUPIMP (CPU_EDABK_TOP.sv,397|38): Identifier 'debug_mode', implicitly declared here, first as a wire, is subsequently redeclared.
  logic  debug_mode                      ;
                  |
xmvlog: *E,DUPIDN (CPU_EDABK_TOP.sv,465|18): identifier 'debug_mode' previously declared [12.5(IEEE)].
  ,.debug_mode_entering_o   (debug_mode_entering   )     
                                               |
xmvlog: *E,DUPIMP (CPU_EDABK_TOP.sv,398|47): Identifier 'debug_mode_entering', implicitly declared here, first as a wire, is subsequently redeclared.
  logic  debug_mode_entering             ;
                           |
xmvlog: *E,DUPIDN (CPU_EDABK_TOP.sv,466|27): identifier 'debug_mode_entering' previously declared [12.5(IEEE)].
  ,.debug_cause_o           (debug_cause           )     
                                       |
xmvlog: *E,DUPIMP (CPU_EDABK_TOP.sv,386|39): Identifier 'debug_cause', implicitly declared here, first as a wire, is subsequently redeclared.
  dbg_cause_e debug_cause                ;
                        |
xmvlog: *E,DUPIDN (CPU_EDABK_TOP.sv,467|24): identifier 'debug_cause' previously declared [12.5(IEEE)].
  ,.debug_csr_save_o        (debug_csr_save   )  
                                          |
xmvlog: *E,DUPIMP (CPU_EDABK_TOP.sv,405|42): Identifier 'debug_csr_save', implicitly declared here, first as a wire, is subsequently redeclared.
  logic  debug_csr_save                  ;
                      |
xmvlog: *E,DUPIDN (CPU_EDABK_TOP.sv,468|22): identifier 'debug_csr_save' previously declared [12.5(IEEE)].
  logic  debug_single_step               ;
                         |
xmvlog: *E,DUPIDN (CPU_EDABK_TOP.sv,470|25): identifier 'debug_single_step' previously declared [12.5(IEEE)].
  logic  debug_ebreakm                   ;
                     |
xmvlog: *E,DUPIDN (CPU_EDABK_TOP.sv,471|21): identifier 'debug_ebreakm' previously declared [12.5(IEEE)].
  logic  debug_ebreaku                   ;
                     |
xmvlog: *E,DUPIDN (CPU_EDABK_TOP.sv,472|21): identifier 'debug_ebreaku' previously declared [12.5(IEEE)].
  logic  trigger_match                   ;
                     |
xmvlog: *E,DUPIDN (CPU_EDABK_TOP.sv,473|21): identifier 'trigger_match' previously declared [12.5(IEEE)].
  ,.csr_save_o              (csr_save              )     
                                    |
xmvlog: *E,DUPIMP (CPU_EDABK_TOP.sv,389|36): Identifier 'csr_save', implicitly declared here, first as a wire, is subsequently redeclared.
  logic  csr_save                        ;
                |
xmvlog: *E,DUPIDN (CPU_EDABK_TOP.sv,483|16): identifier 'csr_save' previously declared [12.5(IEEE)].
  ,.csr_restore_mret_o      (csr_restore_mret      )     
                                            |
xmvlog: *E,DUPIMP (CPU_EDABK_TOP.sv,390|44): Identifier 'csr_restore_mret', implicitly declared here, first as a wire, is subsequently redeclared.
  logic  csr_restore_mret                ;
                        |
xmvlog: *E,DUPIDN (CPU_EDABK_TOP.sv,484|24): identifier 'csr_restore_mret' previously declared [12.5(IEEE)].
  ,.csr_restore_dret_o      (csr_restore_dret      )     
                                            |
xmvlog: *E,DUPIMP (CPU_EDABK_TOP.sv,391|44): Identifier 'csr_restore_dret', implicitly declared here, first as a wire, is subsequently redeclared.
  logic  csr_restore_dret                ;
                        |
xmvlog: *E,DUPIDN (CPU_EDABK_TOP.sv,485|24): identifier 'csr_restore_dret' previously declared [12.5(IEEE)].
  ,.csr_save_cause_o        (csr_save_cause        )     
                                          |
xmvlog: *E,DUPIMP (CPU_EDABK_TOP.sv,392|42): Identifier 'csr_save_cause', implicitly declared here, first as a wire, is subsequently redeclared.
  logic  csr_save_cause                  ;
                      |
xmvlog: *E,DUPIDN (CPU_EDABK_TOP.sv,486|22): identifier 'csr_save_cause' previously declared [12.5(IEEE)].
  ,.csr_mtval_o             (csr_mtval             )     
                                     |
xmvlog: *E,DUPIMP (CPU_EDABK_TOP.sv,387|37): Identifier 'csr_mtval', implicitly declared here, first as a wire, is subsequently redeclared.
  logic  [31:0] csr_mtval                ;
                        |
xmvlog: *E,DUPIDN (CPU_EDABK_TOP.sv,488|24): identifier 'csr_mtval' previously declared [12.5(IEEE)].
  logic  jump                            ;
            |
xmvlog: *E,DUPIDN (CPU_EDABK_TOP.sv,496|12): identifier 'jump' previously declared [12.5(IEEE)].
  logic  branch                          ;
              |
xmvlog: *E,DUPIDN (CPU_EDABK_TOP.sv,497|14): identifier 'branch' previously declared [12.5(IEEE)].
   clk_i
       |
xmvlog: *E,UNDIDN (CPU_EDABK_TOP.sv,3|7): 'clk_i': undeclared identifier [12.5(IEEE)].
  input              clk       ;
                       |
xmvlog: *E,NOPORT (CPU_EDABK_TOP.sv,18|23): input/output/inout 'clk' not declared in port list [12.3.2(IEEE)].
  debug_cause_e debug_cause           ;
                          |
xmvlog: *E,NOIPRT (CPU_EDABK_TOP.sv,417|26): Unrecognized declaration 'debug_cause' could be an unsupported keyword, a spelling mistake or missing instance port list '()' [SystemVerilog].
  pmp_pseccfg_t csr_pmp_mseccfg          ;
                              |
xmvlog: *E,NOIPRT (CPU_EDABK_TOP.sv,464|30): Unrecognized declaration 'csr_pmp_mseccfg' could be an unsupported keyword, a spelling mistake or missing instance port list '()' [SystemVerilog].
	module worklib.CPU_EDABK_TOP:sv
		errors: 99, warnings: 0
file: csr_register.sv
	module worklib.cs_registers:sv
		errors: 0, warnings: 0
file: csr.sv
	module worklib.csr:sv
		errors: 0, warnings: 0
file: decoder.sv
	module worklib.decoder:sv
		errors: 0, warnings: 0
file: EX_stage.sv
	module worklib.EX_stage:sv
		errors: 0, warnings: 0
file: ID_stage.sv
	module worklib.ID_stage:sv
		errors: 0, warnings: 0
file: IF_stage.sv
	module worklib.IF_stage:sv
		errors: 0, warnings: 0
file: MEM_stage.sv
	module worklib.MEM_stage:sv
		errors: 0, warnings: 0
file: pkg.sv
	package worklib.pkg:sv
		errors: 0, warnings: 0
file: register_file.sv
	module worklib.register_file:sv
		errors: 0, warnings: 0
file: SLEEP_UNIT.sv
	module worklib.SLEEP_UNIT:sv
		errors: 0, warnings: 0
file: test.sv
	module worklib.enum_fsm:sv
		errors: 0, warnings: 0
file: WB_stage.sv
	module worklib.WB_stage:sv
		errors: 0, warnings: 0
file: pkg.sv
package pkg;
          |
xmvlog: *W,RECOME (pkg.sv,1|10): recompiling design unit worklib.pkg:sv.
	First compiled from line 1 of pkg.sv.
xrun: *E,VLGERR: An error occurred during parsing.  Review the log file for errors with the code *E and fix those identified problems to proceed.  Exiting with code (status 1).
TOOL:	xrun	23.09-s001: Exiting on Oct 01, 2024 at 15:27:37 +07  (total: 00:00:00)
