xrun: 23.09-s001: (c) Copyright 1995-2023 Cadence Design Systems, Inc.
TOOL:	xrun	23.09-s001: Started on Oct 10, 2024 at 21:53:20 +07
xrun
	-sv
	pkg_rd_gen.sv
	random_gen.sv
	tb.sv
Recompiling... reason: file './tb.sv' is newer than expected.
	expected: Thu Oct 10 11:09:23 2024
	actual:   Thu Oct 10 21:52:57 2024
file: tb.sv
    instr_test.randomize();
                       |
xmvlog: *W,FUNTSK (tb.sv,27|23): function called as a task without void'().
      instr_test.assembly_R( instr_test);
                          |
xmvlog: *W,FUNTSK (tb.sv,31|26): function called as a task without void'().
      instr_test.assembly_I( instr_test);
                          |
xmvlog: *W,FUNTSK (tb.sv,32|26): function called as a task without void'().
      instr_test.assembly_S( instr_test);
                          |
xmvlog: *W,FUNTSK (tb.sv,33|26): function called as a task without void'().
      instr_test.assembly_L( instr_test);
                          |
xmvlog: *W,FUNTSK (tb.sv,34|26): function called as a task without void'().
      instr_test.assembly_B( instr_test);
                          |
xmvlog: *W,FUNTSK (tb.sv,35|26): function called as a task without void'().
      instr_test.assembly_U( instr_test);
                          |
xmvlog: *W,FUNTSK (tb.sv,36|26): function called as a task without void'().
      instr_test.assembly_J( instr_test);
                          |
xmvlog: *W,FUNTSK (tb.sv,37|26): function called as a task without void'().
      instr_test.counter_R(instr_test);
                         |
xmvlog: *W,FUNTSK (tb.sv,39|25): function called as a task without void'().
      instr_test.counter_L(instr_test);
                         |
xmvlog: *W,FUNTSK (tb.sv,40|25): function called as a task without void'().
      instr_test.counter_S(instr_test);
                         |
xmvlog: *W,FUNTSK (tb.sv,41|25): function called as a task without void'().
      instr_test.counter_I(instr_test);
                         |
xmvlog: *W,FUNTSK (tb.sv,42|25): function called as a task without void'().
      instr_test.counter_B(instr_test);
                         |
xmvlog: *W,FUNTSK (tb.sv,43|25): function called as a task without void'().
      instr_test.counter_JAL(instr_test);
                           |
xmvlog: *W,FUNTSK (tb.sv,44|27): function called as a task without void'().
      instr_test.counter_JALR(instr_test);
                            |
xmvlog: *W,FUNTSK (tb.sv,45|28): function called as a task without void'().
      instr_test.counter_LUI(instr_test);
                           |
xmvlog: *W,FUNTSK (tb.sv,46|27): function called as a task without void'().
      instr_test.counter_AUIPC(instr_test);
                             |
xmvlog: *W,FUNTSK (tb.sv,47|29): function called as a task without void'().
      instr_test.display_random();
                              |
xmvlog: *W,FUNTSK (tb.sv,49|30): function called as a task without void'().
	module worklib.tb:sv
		errors: 0, warnings: 18
		Caching library 'worklib' ....... Done
	Elaborating the design hierarchy:
	Top level design units:
		pkg_rd_gen
		$unit_0x3dbc07d0
		tb
	Building instance overlay tables: .................... Done
	Generating native compiled code:
		worklib.tb:sv <0x6f121132>
			streams:   2, words: 23085
	Building instance specific data structures.
	Loading native compiled code:     .................... Done
	Design hierarchy summary:
		                    Instances  Unique
		Modules:                    1       1
		Verilog packages:           1       1
		Registers:                 62     116
		Initial blocks:             2       2
		Assertions:                 1       1
		Compilation units:          1       1
		SV Class declarations:      1       1
		SV Class specializations:   1       1
	Writing initial simulation snapshot: worklib.tb:sv
Loading snapshot worklib.tb:sv .................... Done
SVSEED default: 1
xcelium> source /home/edabk/Cadence/XCELIUM2309/tools/xcelium/files/xmsimrc
xcelium> run
 ran dom index 1  =  3  
 ran dom index 2  =  0  
 INSTR 1 = xxxxxxxx  
 INSTR 2 = 006ecc93  
 ran dom index 1  =  2  
 ran dom index 2  = 10  
 INSTR 1 = 00479203  
 INSTR 2 = 9555a533  
 ran dom index 1  =  5  
 ran dom index 2  =  2  
 INSTR 1 = 9555a533  
 INSTR 2 = 00451503  
 ran dom index 1  =  3  
 ran dom index 2  =  7  
 INSTR 1 = 00451503  
 INSTR 2 = 7d236cb3  
 ran dom index 1  =  2  
 ran dom index 2  =  4  
 INSTR 1 = 008d8983  
 INSTR 2 = 00000637  
 ran dom index 1  =  4  
 ran dom index 2  =  6  
 INSTR 1 = 00000537  
 INSTR 2 = be65eb33  
 ran dom index 1  =  7  
 ran dom index 2  =  4  
 INSTR 1 = b921d533  
 INSTR 2 = 00000e97  
 ran dom index 1  =  9  
 ran dom index 2  =  3  
 INSTR 1 = 9fb578b3  
 INSTR 2 = 9fb578b3  
 ran dom index 1  =  2  
 ran dom index 2  = 10  
 INSTR 1 = 008e1603  
 INSTR 2 = 5b3a7933  
 ran dom index 1  =  0  
 ran dom index 2  =  8  
 INSTR 1 = 00aef413  
 INSTR 2 = 62edc0b3  
 ran dom index 1  =  8  
 ran dom index 2  =  0  
 INSTR 1 = db2489b3  
 INSTR 2 = 006e7c13  
 ran dom index 1  = 10  
 ran dom index 2  =  2  
 INSTR 1 = e7d479b3  
 INSTR 2 = 00670a03  
 ran dom index 1  =  3  
 ran dom index 2  =  2  
 INSTR 1 = 00670a03  
 INSTR 2 = 008fcb83  
 ran dom index 1  =  2  
 ran dom index 2  =  6  
 INSTR 1 = 004a8783  
 INSTR 2 = fe7652b3  
 ran dom index 1  =  4  
 ran dom index 2  = 10  
 INSTR 1 = 00000b97  
 INSTR 2 = 62a3d9b3  
 ran dom index 1  =  7  
 ran dom index 2  =  0  
 INSTR 1 = 365d8333  
 INSTR 2 = 00a0ed13  
 ran dom index 1  =  4  
 ran dom index 2  =  0  
 INSTR 1 = 00000197  
 INSTR 2 = 00229393  
 ran dom index 1  =  6  
 ran dom index 2  =  1  
 INSTR 1 = 797c04b3  
 INSTR 2 = 08ba8123  
 ran dom index 1  = 10  
 ran dom index 2  =  0  
 INSTR 1 = 4da67c33  
 INSTR 2 = 00abf293  
 ran dom index 1  =  0  
 ran dom index 2  =  1  
 INSTR 1 = 004fa513  
 INSTR 2 = 0cbc0223  
 ran dom index 1  = 10  
 ran dom index 2  =  2  
 INSTR 1 = 21f7d1b3  
 INSTR 2 = 00689903  
 ran dom index 1  =  1  
 ran dom index 2  =  8  
 INSTR 1 = 0c682123  
 INSTR 2 = 035c9233  
 ran dom index 1  = 10  
 ran dom index 2  =  1  
 INSTR 1 = cad418b3  
 INSTR 2 = 09f40223  
 ran dom index 1  = 10  
 ran dom index 2  =  2  
 INSTR 1 = e5f4d233  
 INSTR 2 = 00244203  
 ran dom index 1  =  4  
 ran dom index 2  =  5  
 INSTR 1 = 00000b17  
 INSTR 2 = 00000b17  
 ran dom index 1  =  2  
 ran dom index 2  = 10  
 INSTR 1 = 002a2303  
 INSTR 2 = 3bbca0b3  
 ran dom index 1  =  7  
 ran dom index 2  =  4  
 INSTR 1 = f82876b3  
 INSTR 2 = 00000217  
 ran dom index 1  =  6  
 ran dom index 2  =  0  
 INSTR 1 = 610ca833  
 INSTR 2 = 00c6a493  
 ran dom index 1  =  6  
 ran dom index 2  =  4  
 INSTR 1 = 6e397a33  
 INSTR 2 = 00000bb7  
 ran dom index 1  =  4  
 ran dom index 2  =  6  
 INSTR 1 = 00000c97  
 INSTR 2 = fc219633  
 ran dom index 1  =  3  
 ran dom index 2  =  5  
 INSTR 1 = fc219633  
 INSTR 2 = fc219633  
 ran dom index 1  =  2  
 ran dom index 2  =  5  
 INSTR 1 = 004caf03  
 INSTR 2 = 004caf03  
 ran dom index 1  = 10  
 ran dom index 2  =  4  
 INSTR 1 = d8c09333  
 INSTR 2 = 00000997  
 ran dom index 1  =  3  
 ran dom index 2  =  6  
 INSTR 1 = 00000997  
 INSTR 2 = 7778d5b3  
 ran dom index 1  =  7  
 ran dom index 2  =  1  
 INSTR 1 = 49e65cb3  
 INSTR 2 = 098d2123  
 ran dom index 1  =  2  
 ran dom index 2  =  1  
 INSTR 1 = 006a0f03  
 INSTR 2 = 097a0323  
 ran dom index 1  =  2  
 ran dom index 2  = 10  
 INSTR 1 = 002e5a83  
 INSTR 2 = fd625c33  
 ran dom index 1  = 10  
 ran dom index 2  =  3  
 INSTR 1 = ec46b6b3  
 INSTR 2 = ec46b6b3  
 ran dom index 1  =  8  
 ran dom index 2  =  2  
 INSTR 1 = c28d2433  
 INSTR 2 = 008b5583  
 ran dom index 1  =  2  
 ran dom index 2  =  7  
 INSTR 1 = 006b5e03  
 INSTR 2 = 9d1431b3  
 ran dom index 1  =  9  
 ran dom index 2  =  4  
 INSTR 1 = fd7a7133  
 INSTR 2 = 00000797  
 ran dom index 1  =  5  
 ran dom index 2  =  6  
 INSTR 1 = 00000797  
 INSTR 2 = 4374fa33  
 ran dom index 1  =  8  
 ran dom index 2  =  4  
 INSTR 1 = cc378ab3  
 INSTR 2 = 00000737  
 ran dom index 1  =  6  
 ran dom index 2  =  1  
 INSTR 1 = 5f990a33  
 INSTR 2 = 058fa223  
 ran dom index 1  =  6  
 ran dom index 2  =  0  
 INSTR 1 = 54e55f33  
 INSTR 2 = 00691b13  
 ran dom index 1  =  5  
 ran dom index 2  =  0  
 INSTR 1 = 00691b13  
 INSTR 2 = 00276513  
 ran dom index 1  =  5  
 ran dom index 2  =  2  
 INSTR 1 = 00276513  
 INSTR 2 = 002adb03  
 ran dom index 1  =  9  
 ran dom index 2  =  4  
 INSTR 1 = 57424733  
 INSTR 2 = 00000397  
 ran dom index 1  =  4  
 ran dom index 2  =  0  
 INSTR 1 = 000008b7  
 INSTR 2 = 006a1993  
 ran dom index 1  =  2  
 ran dom index 2  =  9  
 INSTR 1 = 0047ce03  
 INSTR 2 = 593d0ab3  
 ran dom index 1  =  0  
 ran dom index 2  =  4  
 INSTR 1 = 002edb93  
 INSTR 2 = 00000b17  
 ran dom index 1  =  7  
 ran dom index 2  =  2  
 INSTR 1 = 43a739b3  
 INSTR 2 = 004d2d03  
 ran dom index 1  =  9  
 ran dom index 2  =  1  
 INSTR 1 = db3a8733  
 INSTR 2 = 05781323  
 ran dom index 1  =  2  
 ran dom index 2  =  0  
 INSTR 1 = 008b0503  
 INSTR 2 = 0060d993  
 ran dom index 1  =  1  
 ran dom index 2  =  2  
 INSTR 1 = 081a9123  
 INSTR 2 = 004cdf03  
 ran dom index 1  =  7  
 ran dom index 2  =  0  
 INSTR 1 = 998f6633  
 INSTR 2 = 0067ce13  
 ran dom index 1  =  2  
 ran dom index 2  =  7  
 INSTR 1 = 00868903  
 INSTR 2 = 70a1e633  
 ran dom index 1  =  4  
 ran dom index 2  =  0  
 INSTR 1 = 000002b7  
 INSTR 2 = 002b8793  
 ran dom index 1  =  5  
 ran dom index 2  =  7  
 INSTR 1 = 002b8793  
 INSTR 2 = d3c6bbb3  
 ran dom index 1  =  2  
 ran dom index 2  =  5  
 INSTR 1 = 002dc203  
 INSTR 2 = 002dc203  
 ran dom index 1  =  2  
 ran dom index 2  =  4  
 INSTR 1 = 00272083  
 INSTR 2 = 000004b7  
 ran dom index 1  =  3  
 ran dom index 2  = 10  
 INSTR 1 = 000004b7  
 INSTR 2 = e4e6fc33  
 ran dom index 1  =  1  
 ran dom index 2  =  2  
 INSTR 1 = 08948123  
 INSTR 2 = 002bc483  
 ran dom index 1  =  7  
 ran dom index 2  =  4  
 INSTR 1 = e594a133  
 INSTR 2 = 00000d17  
 ran dom index 1  =  0  
 ran dom index 2  =  5  
 INSTR 1 = 008d8c93  
 INSTR 2 = 008d8c93  
 ran dom index 1  =  1  
 ran dom index 2  =  4  
 INSTR 1 = 09679123  
 INSTR 2 = 00000b97  
 ran dom index 1  =  8  
 ran dom index 2  =  2  
 INSTR 1 = 07dd5a33  
 INSTR 2 = 0024a903  
 ran dom index 1  =  1  
 ran dom index 2  =  2  
 INSTR 1 = 048b8123  
 INSTR 2 = 002a0903  
 ran dom index 1  =  0  
 ran dom index 2  = 10  
 INSTR 1 = 00ce7b93  
 INSTR 2 = b47c46b3  
 ran dom index 1  =  0  
 ran dom index 2  =  0  
 INSTR 1 = 00cab713  
 INSTR 2 = 00cab713  
 ran dom index 1  =  1  
 ran dom index 2  =  8  
 INSTR 1 = 0d318123  
 INSTR 2 = 5fa9deb3  
 ran dom index 1  =  4  
 ran dom index 2  =  3  
 INSTR 1 = 00000e97  
 INSTR 2 = 00000e97  
 ran dom index 1  =  3  
 ran dom index 2  =  7  
 INSTR 1 = 00000e97  
 INSTR 2 = 47be56b3  
 ran dom index 1  =  4  
 ran dom index 2  =  1  
 INSTR 1 = 00000737  
 INSTR 2 = 04c39123  
 ran dom index 1  =  5  
 ran dom index 2  =  1  
 INSTR 1 = 04c39123  
 INSTR 2 = 083b0223  
 ran dom index 1  =  6  
 ran dom index 2  =  4  
 INSTR 1 = 5740b133  
 INSTR 2 = 00000637  
 ran dom index 1  =  3  
 ran dom index 2  =  0  
 INSTR 1 = 00000637  
 INSTR 2 = 00a15613  
 ran dom index 1  =  9  
 ran dom index 2  =  0  
 INSTR 1 = d0ae00b3  
 INSTR 2 = 006b8613  
 ran dom index 1  =  5  
 ran dom index 2  =  4  
 INSTR 1 = 006b8613  
 INSTR 2 = 000004b7  
 ran dom index 1  =  0  
 ran dom index 2  =  8  
 INSTR 1 = 00a8e513  
 INSTR 2 = 388edab3  
 ran dom index 1  =  4  
 ran dom index 2  =  2  
 INSTR 1 = 00000fb7  
 INSTR 2 = 006c4183  
 ran dom index 1  =  4  
 ran dom index 2  =  2  
 INSTR 1 = 00000717  
 INSTR 2 = 002a5203  
 ran dom index 1  =  6  
 ran dom index 2  =  4  
 INSTR 1 = f0a247b3  
 INSTR 2 = 000006b7  
 ran dom index 1  =  5  
 ran dom index 2  = 10  
 INSTR 1 = 000006b7  
 INSTR 2 = ebe5d3b3  
 ran dom index 1  = 10  
 ran dom index 2  =  3  
 INSTR 1 = ed987c33  
 INSTR 2 = ed987c33  
 ran dom index 1  =  7  
 ran dom index 2  =  0  
 INSTR 1 = de68a5b3  
 INSTR 2 = 00870593  
 ran dom index 1  =  6  
 ran dom index 2  =  1  
 INSTR 1 = 1431d933  
 INSTR 2 = 0d632223  
 ran dom index 1  =  3  
 ran dom index 2  = 10  
 INSTR 1 = 0d632223  
 INSTR 2 = abddbf33  
 ran dom index 1  =  8  
 ran dom index 2  =  3  
 INSTR 1 = acf8c4b3  
 INSTR 2 = acf8c4b3  
 ran dom index 1  =  1  
 ran dom index 2  =  2  
 INSTR 1 = 04f0a323  
 INSTR 2 = 008fac83  
 ran dom index 1  =  1  
 ran dom index 2  =  3  
 INSTR 1 = 05938123  
 INSTR 2 = 05938123  
 ran dom index 1  = 10  
 ran dom index 2  =  0  
 INSTR 1 = 7c7e94b3  
 INSTR 2 = 00842c93  
 ran dom index 1  =  8  
 ran dom index 2  =  4  
 INSTR 1 = d59b78b3  
 INSTR 2 = 00000b17  
 ran dom index 1  =  6  
 ran dom index 2  =  2  
 INSTR 1 = e96e2bb3  
 INSTR 2 = 0022ae83  
 ran dom index 1  =  1  
 ran dom index 2  =  6  
 INSTR 1 = 09922323  
 INSTR 2 = bb2714b3  
 ran dom index 1  =  0  
 ran dom index 2  =  4  
 INSTR 1 = 002eda93  
 INSTR 2 = 00000d37  
 ran dom index 1  =  1  
 ran dom index 2  =  7  
 INSTR 1 = 08fa1323  
 INSTR 2 = f1699233  
 ran dom index 1  =  1  
 ran dom index 2  =  9  
 INSTR 1 = 0d3d8223  
 INSTR 2 = 51b2e9b3  
 ran dom index 1  =  7  
 ran dom index 2  =  4  
 INSTR 1 = cadc7933  
 INSTR 2 = 000003b7  
 ran dom index 1  =  1  
 ran dom index 2  = 10  
 INSTR 1 = 05ea1123  
 INSTR 2 = c1ace7b3  
 ran dom index 1  =  3  
 ran dom index 2  =  4  
 INSTR 1 = c1ace7b3  
 INSTR 2 = 00000d37  
 ran dom index 1  =  0  
 ran dom index 2  =  1  
 INSTR 1 = 00828513  
 INSTR 2 = 0c192323  
 ran dom index 1  =  0  
 ran dom index 2  =  2  
 INSTR 1 = 004e0a93  
 INSTR 2 = 0089dc03  
 ran dom index 1  =  0  
 ran dom index 2  =  8  
 INSTR 1 = 0041ee13  
 INSTR 2 = d17637b3  
 ran dom index 1  =  6  
 ran dom index 2  =  3  
 INSTR 1 = 4e297f33  
 INSTR 2 = 4e297f33  
 ran dom index 1  =  4  
 ran dom index 2  =  8  
 INSTR 1 = 00000ab7  
 INSTR 2 = 80a53d33  
 ran dom index 1  =  0  
 ran dom index 2  =  4  
 INSTR 1 = 00a55c13  
 INSTR 2 = 00000fb7  
 ran dom index 1  =  4  
 ran dom index 2  =  0  
 INSTR 1 = 00000797  
 INSTR 2 = 002caf13  
 ran dom index 1  =  4  
 ran dom index 2  =  7  
 INSTR 1 = 000003b7  
 INSTR 2 = a5e36f33  
 ran dom index 1  =  1  
 ran dom index 2  =  4  
 INSTR 1 = 0c318223  
 INSTR 2 = 00000417  
 ran dom index 1  =  8  
 ran dom index 2  =  0  
 INSTR 1 = 281cc733  
 INSTR 2 = 00261693  
 ran dom index 1  =  5  
 ran dom index 2  =  0  
 INSTR 1 = 00261693  
 INSTR 2 = 008d8393  
 ran dom index 1  =  4  
 ran dom index 2  =  5  
 INSTR 1 = 00000937  
 INSTR 2 = 00000937  
 ran dom index 1  =  4  
 ran dom index 2  =  5  
 INSTR 1 = 000000b7  
 INSTR 2 = 000000b7  
 ran dom index 1  =  4  
 ran dom index 2  =  0  
 INSTR 1 = 00000ab7  
 INSTR 2 = 00cb7393  
 ran dom index 1  =  2  
 ran dom index 2  =  5  
 INSTR 1 = 006c9183  
 INSTR 2 = 006c9183  
 ran dom index 1  =  1  
 ran dom index 2  =  9  
 INSTR 1 = 04750223  
 INSTR 2 = 462d3ab3  
 ran dom index 1  =  9  
 ran dom index 2  =  3  
 INSTR 1 = 89970eb3  
 INSTR 2 = 89970eb3  
 ran dom index 1  =  7  
 ran dom index 2  =  0  
 INSTR 1 = 363d6d33  
 INSTR 2 = 00811f93  
 ran dom index 1  =  8  
 ran dom index 2  =  0  
 INSTR 1 = 384214b3  
 INSTR 2 = 00ab9a13  
 ran dom index 1  =  6  
 ran dom index 2  =  4  
 INSTR 1 = e25e7233  
 INSTR 2 = 00000497  
 ran dom index 1  =  2  
 ran dom index 2  =  1  
 INSTR 1 = 00234903  
 INSTR 2 = 05082123  
 ran dom index 1  =  3  
 ran dom index 2  =  2  
 INSTR 1 = 05082123  
 INSTR 2 = 00830103  
 ran dom index 1  =  3  
 ran dom index 2  =  2  
 INSTR 1 = 00830103  
 INSTR 2 = 002ad183  
 ran dom index 1  =  8  
 ran dom index 2  =  3  
 INSTR 1 = 46820633  
 INSTR 2 = 46820633  
 ran dom index 1  =  1  
 ran dom index 2  =  3  
 INSTR 1 = 05969123  
 INSTR 2 = 05969123  
 ran dom index 1  =  9  
 ran dom index 2  =  0  
 INSTR 1 = 45e748b3  
 INSTR 2 = 006b9113  
 ran dom index 1  =  4  
 ran dom index 2  = 10  
 INSTR 1 = 00000eb7  
 INSTR 2 = 264fafb3  
 ran dom index 1  =  0  
 ran dom index 2  =  4  
 INSTR 1 = 00849213  
 INSTR 2 = 00000297  
 ran dom index 1  =  3  
 ran dom index 2  = 10  
 INSTR 1 = 00000297  
 INSTR 2 = 43c9d2b3  
 ran dom index 1  =  1  
 ran dom index 2  =  8  
 INSTR 1 = 0d012323  
 INSTR 2 = 85ac7fb3  
 ran dom index 1  =  1  
 ran dom index 2  =  3  
 INSTR 1 = 04139323  
 INSTR 2 = 04139323  
 ran dom index 1  =  4  
 ran dom index 2  =  7  
 INSTR 1 = 00000b37  
 INSTR 2 = 5a38c833  
 ran dom index 1  =  2  
 ran dom index 2  =  3  
 INSTR 1 = 004d8d83  
 INSTR 2 = 004d8d83  
 ran dom index 1  =  2  
 ran dom index 2  = 10  
 INSTR 1 = 008dce83  
 INSTR 2 = 5ef1a533  
 ran dom index 1  = 10  
 ran dom index 2  =  2  
 INSTR 1 = 914519b3  
 INSTR 2 = 00230c03  
 ran dom index 1  =  8  
 ran dom index 2  =  1  
 INSTR 1 = 653e8bb3  
 INSTR 2 = 05b60123  
 ran dom index 1  =  2  
 ran dom index 2  =  1  
 INSTR 1 = 008a9183  
 INSTR 2 = 05750323  
 ran dom index 1  =  6  
 ran dom index 2  =  0  
 INSTR 1 = 9b89c133  
 INSTR 2 = 004f6493  
 ran dom index 1  =  4  
 ran dom index 2  =  8  
 INSTR 1 = 00000c97  
 INSTR 2 = cb5a4833  
 ran dom index 1  =  3  
 ran dom index 2  =  4  
 INSTR 1 = cb5a4833  
 INSTR 2 = 000004b7  
 ran dom index 1  =  1  
 ran dom index 2  =  5  
 INSTR 1 = 05b71223  
 INSTR 2 = 05b71223  
 ran dom index 1  =  1  
 ran dom index 2  =  3  
 INSTR 1 = 08c59123  
 INSTR 2 = 08c59123  
 ran dom index 1  =  4  
 ran dom index 2  =  1  
 INSTR 1 = 00000f97  
 INSTR 2 = 09818123  
 ran dom index 1  =  9  
 ran dom index 2  =  4  
 INSTR 1 = aae0ea33  
 INSTR 2 = 00000597  
 ran dom index 1  =  1  
 ran dom index 2  = 10  
 INSTR 1 = 05538123  
 INSTR 2 = 65b7c1b3  
 ran dom index 1  =  9  
 ran dom index 2  =  0  
 INSTR 1 = 7c1e34b3  
 INSTR 2 = 004a8b13  
 ran dom index 1  =  0  
 ran dom index 2  =  0  
 INSTR 1 = 00284113  
 INSTR 2 = 00284113  
 ran dom index 1  =  0  
 ran dom index 2  =  9  
 INSTR 1 = 00449913  
 INSTR 2 = 334d3fb3  
 ran dom index 1  =  6  
 ran dom index 2  =  1  
 INSTR 1 = cb23d7b3  
 INSTR 2 = 04261223  
 ran dom index 1  =  5  
 ran dom index 2  =  8  
 INSTR 1 = 04261223  
 INSTR 2 = 6c777633  
 ran dom index 1  =  8  
 ran dom index 2  =  2  
 INSTR 1 = ab09ec33  
 INSTR 2 = 0062cf03  
 ran dom index 1  =  8  
 ran dom index 2  =  1  
 INSTR 1 = c03fb5b3  
 INSTR 2 = 086e2223  
 ran dom index 1  =  0  
 ran dom index 2  = 10  
 INSTR 1 = 0088d713  
 INSTR 2 = 1f921f33  
 ran dom index 1  = 10  
 ran dom index 2  =  0  
 INSTR 1 = 09158133  
 INSTR 2 = 004e1913  
 ran dom index 1  =  7  
 ran dom index 2  =  2  
 INSTR 1 = 3f9c4733  
 INSTR 2 = 0083df83  
 ran dom index 1  =  8  
 ran dom index 2  =  1  
 INSTR 1 = 5b876533  
 INSTR 2 = 058c1123  
 ran dom index 1  =  2  
 ran dom index 2  =  4  
 INSTR 1 = 00870b03  
 INSTR 2 = 000004b7  
 ran dom index 1  =  5  
 ran dom index 2  =  6  
 INSTR 1 = 000004b7  
 INSTR 2 = 96d23fb3  
 ran dom index 1  =  3  
 ran dom index 2  =  9  
 INSTR 1 = 96d23fb3  
 INSTR 2 = 709e2ab3  
 ran dom index 1  =  5  
 ran dom index 2  =  3  
 INSTR 1 = 709e2ab3  
 INSTR 2 = 709e2ab3  
 ran dom index 1  = 10  
 ran dom index 2  =  0  
 INSTR 1 = 75ffbeb3  
 INSTR 2 = 00cb2813  
 ran dom index 1  =  5  
 ran dom index 2  =  3  
 INSTR 1 = 00cb2813  
 INSTR 2 = 00cb2813  
 ran dom index 1  =  8  
 ran dom index 2  =  3  
 INSTR 1 = c1d6c933  
 INSTR 2 = c1d6c933  
 ran dom index 1  =  9  
 ran dom index 2  =  1  
 INSTR 1 = 224281b3  
 INSTR 2 = 0c1e2123  
 ran dom index 1  =  4  
 ran dom index 2  =  3  
 INSTR 1 = 00000997  
 INSTR 2 = 00000997  
 ran dom index 1  =  4  
 ran dom index 2  =  1  
 INSTR 1 = 00000f17  
 INSTR 2 = 08c6a223  
 ran dom index 1  =  3  
 ran dom index 2  =  7  
 INSTR 1 = 08c6a223  
 INSTR 2 = d8b41ab3  
 ran dom index 1  =  6  
 ran dom index 2  =  4  
 INSTR 1 = ada8e5b3  
 INSTR 2 = 00000717  
 ran dom index 1  =  1  
 ran dom index 2  =  7  
 INSTR 1 = 0d930223  
 INSTR 2 = 3572e733  
 ran dom index 1  =  7  
 ran dom index 2  =  0  
 INSTR 1 = f45a1cb3  
 INSTR 2 = 00a93493  
 ran dom index 1  =  5  
 ran dom index 2  =  7  
 INSTR 1 = 00a93493  
 INSTR 2 = 16fb2db3  
 ran dom index 1  =  1  
 ran dom index 2  =  2  
 INSTR 1 = 05059223  
 INSTR 2 = 006c9883  
 ran dom index 1  =  7  
 ran dom index 2  =  4  
 INSTR 1 = 3b980733  
 INSTR 2 = 00000537  
 ran dom index 1  =  5  
 ran dom index 2  =  9  
 INSTR 1 = 00000537  
 INSTR 2 = 9bd74833  
 ran dom index 1  =  5  
 ran dom index 2  =  1  
 INSTR 1 = 9bd74833  
 INSTR 2 = 09d70123  
 ran dom index 1  =  8  
 ran dom index 2  =  2  
 INSTR 1 = d16c30b3  
 INSTR 2 = 002e4f03  
 ran dom index 1  =  2  
 ran dom index 2  =  0  
 INSTR 1 = 00898803  
 INSTR 2 = 004b5993  
 ran dom index 1  =  5  
 ran dom index 2  =  4  
 INSTR 1 = 004b5993  
 INSTR 2 = 00000d37  
 ran dom index 1  =  9  
 ran dom index 2  =  0  
 INSTR 1 = 6541ba33  
 INSTR 2 = 008b5793  
 ran dom index 1  =  8  
 ran dom index 2  =  1  
 INSTR 1 = ae449d33  
 INSTR 2 = 0c370323  
 ran dom index 1  =  2  
 ran dom index 2  =  4  
 INSTR 1 = 0082d203  
 INSTR 2 = 00000c17  
 ran dom index 1  =  5  
 ran dom index 2  =  8  
 INSTR 1 = 00000c17  
 INSTR 2 = 111f9c33  
 ran dom index 1  =  1  
 ran dom index 2  =  0  
 INSTR 1 = 0d629323  
 INSTR 2 = 00c1a313  
 ran dom index 1  =  1  
 ran dom index 2  =  2  
 INSTR 1 = 08ad0223  
 INSTR 2 = 00871483  
 ran dom index 1  =  8  
 ran dom index 2  =  0  
 INSTR 1 = 15e9c933  
 INSTR 2 = 00293493  
 ran dom index 1  =  3  
 ran dom index 2  =  4  
 INSTR 1 = 00293493  
 INSTR 2 = 00000cb7  
 ran dom index 1  =  5  
 ran dom index 2  =  8  
 INSTR 1 = 00000cb7  
 INSTR 2 = ef1a15b3  
 ran dom index 1  =  0  
 ran dom index 2  =  3  
 INSTR 1 = 00882193  
 INSTR 2 = 00882193  
 ran dom index 1  =  3  
 ran dom index 2  =  2  
 INSTR 1 = 00882193  
 INSTR 2 = 00479683  
 ran dom index 1  =  1  
 ran dom index 2  =  9  
 INSTR 1 = 0daca123  
 INSTR 2 = e5efb4b3  
 ran dom index 1  =  4  
 ran dom index 2  =  8  
 INSTR 1 = 00000f17  
 INSTR 2 = 102bedb3  
 ran dom index 1  =  2  
 ran dom index 2  =  4  
 INSTR 1 = 00871283  
 INSTR 2 = 00000c97  
 ran dom index 1  =  4  
 ran dom index 2  =  2  
 INSTR 1 = 00000b97  
 INSTR 2 = 00660983  
 ran dom index 1  =  4  
 ran dom index 2  =  1  
 INSTR 1 = 000006b7  
 INSTR 2 = 09019323  
 ran dom index 1  =  2  
 ran dom index 2  =  1  
 INSTR 1 = 00415e03  
 INSTR 2 = 0cb12123  
 ran dom index 1  =  5  
 ran dom index 2  =  7  
 INSTR 1 = 0cb12123  
 INSTR 2 = 6ec24f33  
 ran dom index 1  =  9  
 ran dom index 2  =  0  
 INSTR 1 = da914b33  
 INSTR 2 = 008efc93  
 ran dom index 1  =  1  
 ran dom index 2  =  9  
 INSTR 1 = 05131123  
 INSTR 2 = 98625933  
 ran dom index 1  =  6  
 ran dom index 2  =  3  
 INSTR 1 = 03acdab3  
 INSTR 2 = 03acdab3  
 ran dom index 1  =  1  
 ran dom index 2  =  8  
 INSTR 1 = 0c609123  
 INSTR 2 = ddb3ff33  
 ran dom index 1  =  1  
 ran dom index 2  =  5  
 INSTR 1 = 0d8e9123  
 INSTR 2 = 0d8e9123  
 ran dom index 1  =  1  
 ran dom index 2  =  6  
 INSTR 1 = 0df21123  
 INSTR 2 = e7c0c233  
 ran dom index 1  =  2  
 ran dom index 2  =  6  
 INSTR 1 = 0023dd03  
 INSTR 2 = f5ad1c33  
 ran dom index 1  =  4  
 ran dom index 2  =  1  
 INSTR 1 = 00000c97  
 INSTR 2 = 0cb48223  
 ran dom index 1  =  4  
 ran dom index 2  =  7  
 INSTR 1 = 00000917  
 INSTR 2 = 99c69b33  
 ran dom index 1  =  0  
 ran dom index 2  =  8  
 INSTR 1 = 0066e793  
 INSTR 2 = 7ae3b833  
 ran dom index 1  =  5  
 ran dom index 2  =  9  
 INSTR 1 = 02000267  
 INSTR 2 = 007f1bb3  
 ran dom index 1  =  7  
 ran dom index 2  =  3  
 INSTR 1 = afb639b3  
 INSTR 2 = afb639b3  
 ran dom index 1  =  4  
 ran dom index 2  =  0  
 INSTR 1 = 00000a37  
 INSTR 2 = 006d3413  
 ran dom index 1  =  0  
 ran dom index 2  =  6  
 INSTR 1 = 00422313  
 INSTR 2 = 9633feb3  
 ran dom index 1  = 10  
 ran dom index 2  =  0  
 INSTR 1 = 6087bf33  
 INSTR 2 = 00873b93  
 ran dom index 1  =  1  
 ran dom index 2  =  3  
 INSTR 1 = 08491123  
 INSTR 2 = 08491123  
 ran dom index 1  = 10  
 ran dom index 2  =  1  
 INSTR 1 = 767e56b3  
 INSTR 2 = 04a8a123  
 ran dom index 1  =  3  
 ran dom index 2  =  6  
 INSTR 1 = 04a8a123  
 INSTR 2 = 9f90b0b3  
 ran dom index 1  =  4  
 ran dom index 2  =  5  
 INSTR 1 = 00000737  
 INSTR 2 = 00000737  
 ran dom index 1  = 10  
 ran dom index 2  =  4  
 INSTR 1 = fb53a133  
 INSTR 2 = 00000937  
 ran dom index 1  = 10  
 ran dom index 2  =  0  
 INSTR 1 = 422a36b3  
 INSTR 2 = 00c80393  
 ran dom index 1  =  3  
 ran dom index 2  =  6  
 INSTR 1 = 00c80393  
 INSTR 2 = a3e2feb3  
 ran dom index 1  =  8  
 ran dom index 2  =  0  
 INSTR 1 = b2a301b3  
 INSTR 2 = 004b8d93  
 ran dom index 1  =  0  
 ran dom index 2  =  3  
 INSTR 1 = 00cf8b13  
 INSTR 2 = 00cf8b13  
 ran dom index 1  =  7  
 ran dom index 2  =  1  
 INSTR 1 = e33f6f33  
 INSTR 2 = 09efa323  
 ran dom index 1  =  5  
 ran dom index 2  =  7  
 INSTR 1 = 010004e7  
 INSTR 2 = 5ce1e1b3  
 ran dom index 1  = 10  
 ran dom index 2  =  0  
 INSTR 1 = c8a8ed33  
 INSTR 2 = 008e6393  
 ran dom index 1  =  3  
 ran dom index 2  =  7  
 INSTR 1 = 008e6393  
 INSTR 2 = 0fa75333  
 ran dom index 1  =  2  
 ran dom index 2  =  3  
 INSTR 1 = 00230503  
 INSTR 2 = 00230503  
 ran dom index 1  =  2  
 ran dom index 2  =  6  
 INSTR 1 = 00498c03  
 INSTR 2 = c6b08933  
 ran dom index 1  =  7  
 ran dom index 2  =  2  
 INSTR 1 = 91820533  
 INSTR 2 = 00619b83  
 ran dom index 1  =  4  
 ran dom index 2  =  7  
 INSTR 1 = 00000eb7  
 INSTR 2 = 3fdcbc33  
 ran dom index 1  =  4  
 ran dom index 2  =  9  
 INSTR 1 = 00000317  
 INSTR 2 = 854fd833  
 ran dom index 1  = 10  
 ran dom index 2  =  2  
 INSTR 1 = 24ac57b3  
 INSTR 2 = 006c8603  
 ran dom index 1  =  4  
 ran dom index 2  =  5  
 INSTR 1 = 00000637  
 INSTR 2 = 00000637  
 ran dom index 1  =  4  
 ran dom index 2  =  7  
 INSTR 1 = 00000f97  
 INSTR 2 = 29934cb3  
 ran dom index 1  =  2  
 ran dom index 2  =  8  
 INSTR 1 = 00425083  
 INSTR 2 = 7037c433  
 ran dom index 1  =  5  
 ran dom index 2  =  2  
 INSTR 1 = 010009e7  
 INSTR 2 = 006f1203  
 ran dom index 1  =  0  
 ran dom index 2  =  3  
 INSTR 1 = 00c8f613  
 INSTR 2 = 00c8f613  
 ran dom index 1  =  3  
 ran dom index 2  =  0  
 INSTR 1 = 00c8f613  
 INSTR 2 = 00c17513  
 ran dom index 1  =  1  
 ran dom index 2  =  9  
 INSTR 1 = 057d9323  
 INSTR 2 = 8db1dcb3  
 ran dom index 1  =  4  
 ran dom index 2  =  8  
 INSTR 1 = 00000517  
 INSTR 2 = facea533  
 ran dom index 1  =  2  
 ran dom index 2  =  7  
 INSTR 1 = 0069a783  
 INSTR 2 = 2b2c3eb3  
 ran dom index 1  =  5  
 ran dom index 2  =  3  
 INSTR 1 = 020000e7  
 INSTR 2 = 020000e7  
 ran dom index 1  =  4  
 ran dom index 2  =  5  
 INSTR 1 = 00000997  
 INSTR 2 = 00000997  
 ran dom index 1  =  0  
 ran dom index 2  =  2  
 INSTR 1 = 00660813  
 INSTR 2 = 0067a483  
 ran dom index 1  = 10  
 ran dom index 2  =  4  
 INSTR 1 = 004d8e33  
 INSTR 2 = 00000337  
 ran dom index 1  =  3  
 ran dom index 2  =  1  
 INSTR 1 = 00000337  
 INSTR 2 = 085d1323  
 ran dom index 1  =  8  
 ran dom index 2  =  3  
 INSTR 1 = 9c95c133  
 INSTR 2 = 9c95c133  
 ran dom index 1  =  4  
 ran dom index 2  =  6  
 INSTR 1 = 000005b7  
 INSTR 2 = 7563d933  
 ran dom index 1  =  3  
 ran dom index 2  =  0  
 INSTR 1 = 7563d933  
 INSTR 2 = 004c6213  
 ran dom index 1  =  3  
 ran dom index 2  =  0  
 INSTR 1 = 004c6213  
 INSTR 2 = 00692f13  
 ran dom index 1  =  9  
 ran dom index 2  =  2  
 INSTR 1 = e27a3633  
 INSTR 2 = 00885e03  
 ran dom index 1  =  2  
 ran dom index 2  =  4  
 INSTR 1 = 00610603  
 INSTR 2 = 00000b17  
 ran dom index 1  =  3  
 ran dom index 2  = 10  
 INSTR 1 = 00000b17  
 INSTR 2 = bf6c2bb3  
 ran dom index 1  =  1  
 ran dom index 2  =  7  
 INSTR 1 = 0566a323  
 INSTR 2 = 49834d33  
 ran dom index 1  =  4  
 ran dom index 2  =  0  
 INSTR 1 = 00000b17  
 INSTR 2 = 0024ae93  
 ran dom index 1  =  0  
 ran dom index 2  =  4  
 INSTR 1 = 0063e393  
 INSTR 2 = 000002b7  
 ran dom index 1  =  1  
 ran dom index 2  =  0  
 INSTR 1 = 0da80123  
 INSTR 2 = 00827593  
 ran dom index 1  =  0  
 ran dom index 2  =  5  
 INSTR 1 = 00426c13  
 INSTR 2 = 00426c13  
 ran dom index 1  =  1  
 ran dom index 2  = 10  
 INSTR 1 = 0d198223  
 INSTR 2 = 577adeb3  
 ran dom index 1  =  5  
 ran dom index 2  =  7  
 INSTR 1 = 02000467  
 INSTR 2 = 90d62733  
 ran dom index 1  =  4  
 ran dom index 2  =  2  
 INSTR 1 = 00000637  
 INSTR 2 = 00488283  
 ran dom index 1  =  5  
 ran dom index 2  =  1  
 INSTR 1 = 0180096f  
 INSTR 2 = 0d210223  
 ran dom index 1  =  0  
 ran dom index 2  =  1  
 INSTR 1 = 008d2c93  
 INSTR 2 = 05f80223  
 ran dom index 1  =  7  
 ran dom index 2  =  4  
 INSTR 1 = 9b783833  
 INSTR 2 = 00000f37  
 ran dom index 1  =  1  
 ran dom index 2  =  9  
 INSTR 1 = 04c10323  
 INSTR 2 = 4b542133  
 ran dom index 1  =  2  
 ran dom index 2  =  5  
 INSTR 1 = 008d2503  
 INSTR 2 = 008d2503  
 ran dom index 1  =  5  
 ran dom index 2  =  9  
 INSTR 1 = 01800567  
 INSTR 2 = 169f4b33  
 ran dom index 1  =  5  
 ran dom index 2  = 10  
 INSTR 1 = 02000b6f  
 INSTR 2 = 13cea8b3  
 ran dom index 1  =  0  
 ran dom index 2  =  4  
 INSTR 1 = 006bc193  
 INSTR 2 = 000006b7  
 ran dom index 1  =  3  
 ran dom index 2  =  7  
 INSTR 1 = 000006b7  
 INSTR 2 = 593bac33  
 ran dom index 1  =  3  
 ran dom index 2  =  5  
 INSTR 1 = 593bac33  
 INSTR 2 = 593bac33  
 ran dom index 1  =  3  
 ran dom index 2  =  1  
 INSTR 1 = 593bac33  
 INSTR 2 = 09b11223  
 ran dom index 1  =  5  
 ran dom index 2  =  3  
 INSTR 1 = 02000567  
 INSTR 2 = 02000567  
 ran dom index 1  =  4  
 ran dom index 2  =  5  
 INSTR 1 = 00000417  
 INSTR 2 = 00000417  
 ran dom index 1  =  9  
 ran dom index 2  =  2  
 INSTR 1 = eae22733  
 INSTR 2 = 0025dd03  
 ran dom index 1  =  4  
 ran dom index 2  =  6  
 INSTR 1 = 00000817  
 INSTR 2 = 42365ab3  
 ran dom index 1  =  4  
 ran dom index 2  =  9  
 INSTR 1 = 00000517  
 INSTR 2 = 6f88abb3  
 ran dom index 1  =  3  
 ran dom index 2  =  8  
 INSTR 1 = 6f88abb3  
 INSTR 2 = 7cd2a133  
 ran dom index 1  =  7  
 ran dom index 2  =  4  
 INSTR 1 = 8fa486b3  
 INSTR 2 = 00000417  
 ran dom index 1  =  4  
 ran dom index 2  =  3  
 INSTR 1 = 00000517  
 INSTR 2 = 00000517  
 ran dom index 1  =  2  
 ran dom index 2  =  0  
 INSTR 1 = 0023d983  
 INSTR 2 = 00a29e93  
 ran dom index 1  =  3  
 ran dom index 2  =  4  
 INSTR 1 = 00a29e93  
 INSTR 2 = 00000937  
 ran dom index 1  =  6  
 ran dom index 2  =  3  
 INSTR 1 = b63e3133  
 INSTR 2 = b63e3133  
 ran dom index 1  =  2  
 ran dom index 2  =  7  
 INSTR 1 = 004c5183  
 INSTR 2 = d70b3433  
 ran dom index 1  =  1  
 ran dom index 2  =  6  
 INSTR 1 = 09309323  
 INSTR 2 = 8bfe9433  
 ran dom index 1  =  0  
 ran dom index 2  = 10  
 INSTR 1 = 00c23993  
 INSTR 2 = cf8e8f33  
 ran dom index 1  =  4  
 ran dom index 2  =  7  
 INSTR 1 = 00000097  
 INSTR 2 = 58e974b3  
 ran dom index 1  =  0  
 ran dom index 2  = 10  
 INSTR 1 = 00c82813  
 INSTR 2 = ce774a33  
 ran dom index 1  =  1  
 ran dom index 2  =  6  
 INSTR 1 = 04881123  
 INSTR 2 = 0c49a5b3  
 ran dom index 1  =  8  
 ran dom index 2  =  4  
 INSTR 1 = 3be6d7b3  
 INSTR 2 = 00000f37  
 ran dom index 1  =  2  
 ran dom index 2  =  3  
 INSTR 1 = 0065c583  
 INSTR 2 = 0065c583  
 ran dom index 1  =  8  
 ran dom index 2  =  0  
 INSTR 1 = 51b0abb3  
 INSTR 2 = 00ae1c93  
 ran dom index 1  = 10  
 ran dom index 2  =  2  
 INSTR 1 = 1fcb8733  
 INSTR 2 = 004c2b03  
 ran dom index 1  =  5  
 ran dom index 2  =  9  
 INSTR 1 = 02000b67  
 INSTR 2 = b237bc33  
 ran dom index 1  =  7  
 ran dom index 2  =  0  
 INSTR 1 = 32ba26b3  
 INSTR 2 = 002aef93  
 ran dom index 1  =  9  
 ran dom index 2  =  1  
 INSTR 1 = 8a4291b3  
 INSTR 2 = 04c81223  
 ran dom index 1  =  0  
 ran dom index 2  =  2  
 INSTR 1 = 00a2d413  
 INSTR 2 = 00245383  
 ran dom index 1  =  9  
 ran dom index 2  =  1  
 INSTR 1 = 94d263b3  
 INSTR 2 = 05598123  
 ran dom index 1  =  7  
 ran dom index 2  =  4  
 INSTR 1 = 3c71cb33  
 INSTR 2 = 00000297  
 ran dom index 1  =  5  
 ran dom index 2  =  7  
 INSTR 1 = 02000d6f  
 INSTR 2 = 877e2933  
 ran dom index 1  =  5  
 ran dom index 2  =  4  
 INSTR 1 = 01000aef  
 INSTR 2 = 00000497  
 ran dom index 1  =  6  
 ran dom index 2  =  3  
 INSTR 1 = b4a32233  
 INSTR 2 = b4a32233  
 ran dom index 1  =  3  
 ran dom index 2  = 10  
 INSTR 1 = 03531063  
 INSTR 2 = 60742733  
 ran dom index 1  =  8  
 ran dom index 2  =  1  
 INSTR 1 = d4d246b3  
 INSTR 2 = 08e2a323  
 ran dom index 1  =  3  
 ran dom index 2  =  9  
 INSTR 1 = 00e59c63  
 INSTR 2 = a4b0f533  
 ran dom index 1  =  3  
 ran dom index 2  =  4  
 INSTR 1 = 001ce863  
 INSTR 2 = 00000a17  
 ran dom index 1  =  9  
 ran dom index 2  =  0  
 INSTR 1 = 2d8ce133  
 INSTR 2 = 006e2793  
 ran dom index 1  =  5  
 ran dom index 2  =  7  
 INSTR 1 = 02000967  
 INSTR 2 = 039c1bb3  
 ran dom index 1  =  5  
 ran dom index 2  =  1  
 INSTR 1 = 02000fef  
 INSTR 2 = 0c1fa323  
 ran dom index 1  =  1  
 ran dom index 2  =  2  
 INSTR 1 = 0cc32123  
 INSTR 2 = 00809483  
 ran dom index 1  =  9  
 ran dom index 2  =  1  
 INSTR 1 = 8c9d46b3  
 INSTR 2 = 0c65a323  
 ran dom index 1  =  7  
 ran dom index 2  =  2  
 INSTR 1 = 01947fb3  
 INSTR 2 = 004da503  
 ran dom index 1  =  6  
 ran dom index 2  =  3  
 INSTR 1 = 69b5beb3  
 INSTR 2 = 01614c63  
 ran dom index 1  =  5  
 ran dom index 2  = 10  
 INSTR 1 = 0100036f  
 INSTR 2 = fe5cab33  
 ran dom index 1  =  0  
 ran dom index 2  =  2  
 INSTR 1 = 00ac1213  
 INSTR 2 = 00268e03  
 ran dom index 1  = 10  
 ran dom index 2  =  3  
 INSTR 1 = 843fe233  
 INSTR 2 = 01f46c63  
 ran dom index 1  =  0  
 ran dom index 2  =  9  
 INSTR 1 = 00609593  
 INSTR 2 = bcae5c33  
 ran dom index 1  =  1  
 ran dom index 2  =  9  
 INSTR 1 = 0c5e1223  
 INSTR 2 = f8f4e7b3  
 ran dom index 1  =  0  
 ran dom index 2  =  3  
 INSTR 1 = 00a30893  
 INSTR 2 = 00577863  
 ran dom index 1  =  0  
 ran dom index 2  = 10  
 INSTR 1 = 00846213  
 INSTR 2 = c7d414b3  
 ran dom index 1  =  4  
 ran dom index 2  =  1  
 INSTR 1 = 00000b17  
 INSTR 2 = 05278323  
 ran dom index 1  =  2  
 ran dom index 2  =  6  
 INSTR 1 = 002ac883  
 INSTR 2 = 9faf9b33  
 ran dom index 1  =  9  
 ran dom index 2  =  2  
 INSTR 1 = 1c6509b3  
 INSTR 2 = 00698f03  
 ran dom index 1  =  5  
 ran dom index 2  =  0  
 INSTR 1 = 018000e7  
 INSTR 2 = 002a0113  
 ran dom index 1  =  5  
 ran dom index 2  =  6  
 INSTR 1 = 01000aef  
 INSTR 2 = e9b521b3  
 ran dom index 1  =  5  
 ran dom index 2  =  7  
 INSTR 1 = 01800e6f  
 INSTR 2 = 2c9fec33  
 ran dom index 1  =  0  
 ran dom index 2  =  4  
 INSTR 1 = 008e8f93  
 INSTR 2 = 00000a37  
 ran dom index 1  =  5  
 ran dom index 2  =  4  
 INSTR 1 = 01000e6f  
 INSTR 2 = 00000697  
 ran dom index 1  =  0  
 ran dom index 2  =  4  
 INSTR 1 = 00816e13  
 INSTR 2 = 00000eb7  
 ran dom index 1  =  3  
 ran dom index 2  =  9  
 INSTR 1 = 00a4f863  
 INSTR 2 = b8ea9833  
 ran dom index 1  =  5  
 ran dom index 2  =  1  
 INSTR 1 = 010005e7  
 INSTR 2 = 0c9fa223  
 ran dom index 1  =  4  
 ran dom index 2  =  0  
 INSTR 1 = 00000c37  
 INSTR 2 = 00cac293  
 ran dom index 1  =  3  
 ran dom index 2  =  1  
 INSTR 1 = 039a4063  
 INSTR 2 = 08f41123  
 ran dom index 1  =  7  
 ran dom index 2  =  4  
 INSTR 1 = 71fbfa33  
 INSTR 2 = 00000197  
 ran dom index 1  =  9  
 ran dom index 2  =  2  
 INSTR 1 = 34c332b3  
 INSTR 2 = 002e0303  
 ran dom index 1  =  3  
 ran dom index 2  =  7  
 INSTR 1 = 03ac7063  
 INSTR 2 = 176f0ab3  
 ran dom index 1  =  4  
 ran dom index 2  =  8  
 INSTR 1 = 00000137  
 INSTR 2 = 958ce933  
 ran dom index 1  =  8  
 ran dom index 2  =  1  
 INSTR 1 = aeafdab3  
 INSTR 2 = 097d1223  
 ran dom index 1  =  2  
 ran dom index 2  =  4  
 INSTR 1 = 002ece83  
 INSTR 2 = 00000b37  
 ran dom index 1  =  2  
 ran dom index 2  =  4  
 INSTR 1 = 00214383  
 INSTR 2 = 000003b7  
 ran dom index 1  =  2  
 ran dom index 2  =  7  
 INSTR 1 = 008a8e03  
 INSTR 2 = 9cdf96b3  
 ran dom index 1  =  1  
 ran dom index 2  =  2  
 INSTR 1 = 09638223  
 INSTR 2 = 004e8383  
 ran dom index 1  =  0  
 ran dom index 2  =  4  
 INSTR 1 = 006c0493  
 INSTR 2 = 00000897  
 ran dom index 1  =  0  
 ran dom index 2  = 10  
 INSTR 1 = 0028a693  
 INSTR 2 = 1d3b77b3  
 ran dom index 1  =  1  
 ran dom index 2  =  8  
 INSTR 1 = 0cc1a223  
 INSTR 2 = c869d6b3  
 ran dom index 1  =  0  
 ran dom index 2  =  3  
 INSTR 1 = 00c1d513  
 INSTR 2 = 011e6c63  
 ran dom index 1  =  3  
 ran dom index 2  =  2  
 INSTR 1 = 02194063  
 INSTR 2 = 008b1683  
 ran dom index 1  =  5  
 ran dom index 2  =  4  
 INSTR 1 = 020006ef  
 INSTR 2 = 00000537  
 ran dom index 1  =  1  
 ran dom index 2  =  3  
 INSTR 1 = 0def1323  
 INSTR 2 = 01684863  
 ran dom index 1  =  1  
 ran dom index 2  =  0  
 INSTR 1 = 0cfa0323  
 INSTR 2 = 00c19b93  
 ran dom index 1  =  5  
 ran dom index 2  =  9  
 INSTR 1 = 020001ef  
 INSTR 2 = 8dcec0b3  
 ran dom index 1  =  8  
 ran dom index 2  =  3  
 INSTR 1 = a2eb27b3  
 INSTR 2 = 028d9063  
 ran dom index 1  =  1  
 ran dom index 2  =  6  
 INSTR 1 = 041ca323  
 INSTR 2 = 7ce38633  
 ran dom index 1  =  9  
 ran dom index 2  =  2  
 INSTR 1 = 68dc51b3  
 INSTR 2 = 006a0a83  
 ran dom index 1  =  9  
 ran dom index 2  =  1  
 INSTR 1 = 1ae3f3b3  
 INSTR 2 = 05f29123  
 ran dom index 1  =  0  
 ran dom index 2  =  0  
 INSTR 1 = 00472c13  
 INSTR 2 = 00472c13  
 ran dom index 1  =  0  
 ran dom index 2  =  6  
 INSTR 1 = 0022c113  
 INSTR 2 = 1b750f33  
 ran dom index 1  =  0  
 ran dom index 2  =  5  
 INSTR 1 = 004ecf93  
 INSTR 2 = 0185e863  
 ran dom index 1  =  0  
 ran dom index 2  =  4  
 INSTR 1 = 00c85793  
 INSTR 2 = 00000537  
 ran dom index 1  =  4  
 ran dom index 2  =  0  
 INSTR 1 = 00000797  
 INSTR 2 = 002b1613  
 ran dom index 1  = 10  
 ran dom index 2  =  1  
 INSTR 1 = 6714b9b3  
 INSTR 2 = 0df80123  
 ran dom index 1  =  1  
 ran dom index 2  =  0  
 INSTR 1 = 08fc1123  
 INSTR 2 = 008ed213  
 ran dom index 1  =  5  
 ran dom index 2  =  8  
 INSTR 1 = 018007e7  
 INSTR 2 = e3225733  
 ran dom index 1  =  6  
 ran dom index 2  =  3  
 INSTR 1 = 31fa36b3  
 INSTR 2 = 00244863  
 ran dom index 1  =  1  
 ran dom index 2  = 10  
 INSTR 1 = 05828123  
 INSTR 2 = cc896c33  
 ran dom index 1  = 10  
 ran dom index 2  =  0  
 INSTR 1 = e473b2b3  
 INSTR 2 = 00c35993  
 ran dom index 1  =  7  
 ran dom index 2  =  3  
 INSTR 1 = 52d530b3  
 INSTR 2 = 0061c863  
 ran dom index 1  =  3  
 ran dom index 2  = 10  
 INSTR 1 = 03821063  
 INSTR 2 = ddaca1b3  
 ran dom index 1  =  2  
 ran dom index 2  =  0  
 INSTR 1 = 0068aa03  
 INSTR 2 = 00616c93  
 ran dom index 1  =  5  
 ran dom index 2  =  3  
 INSTR 1 = 02000e6f  
 INSTR 2 = 00a70863  
 ran dom index 1  =  0  
 ran dom index 2  =  7  
 INSTR 1 = 00474793  
 INSTR 2 = 7ac9feb3  
 ran dom index 1  =  8  
 ran dom index 2  =  4  
 INSTR 1 = 5b0f2d33  
 INSTR 2 = 00000937  
 ran dom index 1  =  5  
 ran dom index 2  =  3  
 INSTR 1 = 0200016f  
 INSTR 2 = 0169dc63  
 ran dom index 1  =  3  
 ran dom index 2  =  7  
 INSTR 1 = 01135c63  
 INSTR 2 = c41453b3  
 ran dom index 1  =  8  
 ran dom index 2  =  4  
 INSTR 1 = ee4fbe33  
 INSTR 2 = 00000617  
 ran dom index 1  =  1  
 ran dom index 2  =  7  
 INSTR 1 = 08d81323  
 INSTR 2 = 19e2eeb3  
 ran dom index 1  =  4  
 ran dom index 2  =  5  
 INSTR 1 = 00000c17  
 INSTR 2 = 02bd4063  
 ran dom index 1  =  4  
 ran dom index 2  = 10  
 INSTR 1 = 00000997  
 INSTR 2 = 561dba33  
 ran dom index 1  =  5  
 ran dom index 2  =  7  
 INSTR 1 = 020002e7  
 INSTR 2 = b85696b3  
 ran dom index 1  =  1  
 ran dom index 2  =  6  
 INSTR 1 = 04958123  
 INSTR 2 = ad7d8d33  
 ran dom index 1  =  0  
 ran dom index 2  =  0  
 INSTR 1 = 00655d13  
 INSTR 2 = 00655d13  
 ran dom index 1  =  0  
 ran dom index 2  =  9  
 INSTR 1 = 002cfb13  
 INSTR 2 = 1e5ab633  
 ran dom index 1  =  4  
 ran dom index 2  =  2  
 INSTR 1 = 00000397  
 INSTR 2 = 00879b83  
 ran dom index 1  =  2  
 ran dom index 2  =  8  
 INSTR 1 = 00648a03  
 INSTR 2 = 616722b3  
 ran dom index 1  =  5  
 ran dom index 2  =  3  
 INSTR 1 = 01000f67  
 INSTR 2 = 003d5c63  
 ran dom index 1  =  5  
 ran dom index 2  =  7  
 INSTR 1 = 010004e7  
 INSTR 2 = 8f6e0fb3  
 ran dom index 1  =  1  
 ran dom index 2  =  0  
 INSTR 1 = 04ff1123  
 INSTR 2 = 00a54b93  
 ran dom index 1  =  3  
 ran dom index 2  =  9  
 INSTR 1 = 0173c863  
 INSTR 2 = ccc25fb3  
 ran dom index 1  =  3  
 ran dom index 2  =  9  
 INSTR 1 = 01930c63  
 INSTR 2 = 35832133  
 ran dom index 1  =  7  
 ran dom index 2  =  1  
 INSTR 1 = 4c3e57b3  
 INSTR 2 = 0911a223  
 ran dom index 1  =  3  
 ran dom index 2  = 10  
 INSTR 1 = 00e69c63  
 INSTR 2 = 0c436e33  
 ran dom index 1  =  5  
 ran dom index 2  =  1  
 INSTR 1 = 01000f67  
 INSTR 2 = 0d6e8223  
 ran dom index 1  =  1  
 ran dom index 2  =  7  
 INSTR 1 = 09b89323  
 INSTR 2 = 9d6b1433  
 ran dom index 1  =  1  
 ran dom index 2  =  7  
 INSTR 1 = 08318223  
 INSTR 2 = 76b83433  
 ran dom index 1  =  3  
 ran dom index 2  =  8  
 INSTR 1 = 0335c063  
 INSTR 2 = 50bef933  
 ran dom index 1  =  5  
 ran dom index 2  =  6  
 INSTR 1 = 01800c6f  
 INSTR 2 = 1d9dfc33  
 ran dom index 1  =  1  
 ran dom index 2  =  0  
 INSTR 1 = 04919323  
 INSTR 2 = 00670613  
 ran dom index 1  =  5  
 ran dom index 2  =  1  
 INSTR 1 = 010004ef  
 INSTR 2 = 0dfc1323  
 ran dom index 1  =  3  
 ran dom index 2  =  4  
 INSTR 1 = 01ad9c63  
 INSTR 2 = 00000197  
 ran dom index 1  =  5  
 ran dom index 2  =  2  
 INSTR 1 = 018005e7  
 INSTR 2 = 002ad803  
 ran dom index 1  =  2  
 ran dom index 2  =  9  
 INSTR 1 = 0060df03  
 INSTR 2 = 73384fb3  
 ran dom index 1  =  3  
 ran dom index 2  =  5  
 INSTR 1 = 01e18863  
 INSTR 2 = 01e18863  
 ran dom index 1  =  4  
 ran dom index 2  =  8  
 INSTR 1 = 00000097  
 INSTR 2 = fab45eb3  
 ran dom index 1  =  3  
 ran dom index 2  =  8  
 INSTR 1 = 02918063  
 INSTR 2 = 66b0a9b3  
 ran dom index 1  =  4  
 ran dom index 2  =  0  
 INSTR 1 = 00000e37  
 INSTR 2 = 002dba93  
 ran dom index 1  =  0  
 ran dom index 2  =  6  
 INSTR 1 = 0085d813  
 INSTR 2 = ad16acb3  
 ran dom index 1  =  5  
 ran dom index 2  =  2  
 INSTR 1 = 02000f6f  
 INSTR 2 = 00634503  
 ran dom index 1  =  7  
 ran dom index 2  =  4  
 INSTR 1 = 0c22a433  
 INSTR 2 = 00000fb7  
 ran dom index 1  =  4  
 ran dom index 2  =  6  
 INSTR 1 = 000002b7  
 INSTR 2 = 7f0f4133  
 ran dom index 1  =  2  
 ran dom index 2  =  9  
 INSTR 1 = 00852f83  
 INSTR 2 = f8947fb3  
 ran dom index 1  =  3  
 ran dom index 2  =  9  
 INSTR 1 = 0274c063  
 INSTR 2 = 327daf33  
 ran dom index 1  =  3  
 ran dom index 2  =  1  
 INSTR 1 = 011a9c63  
 INSTR 2 = 056f9123  
 ran dom index 1  =  0  
 ran dom index 2  =  2  
 INSTR 1 = 00c77f13  
 INSTR 2 = 00668083  
 ran dom index 1  =  5  
 ran dom index 2  = 10  
 INSTR 1 = 020007ef  
 INSTR 2 = 41834c33  
 ran dom index 1  =  6  
 ran dom index 2  =  1  
 INSTR 1 = 6ec934b3  
 INSTR 2 = 04c0a323  
 ran dom index 1  =  1  
 ran dom index 2  =  0  
 INSTR 1 = 08832123  
 INSTR 2 = 00abf713  
 ran dom index 1  =  9  
 ran dom index 2  =  0  
 INSTR 1 = 9a3e76b3  
 INSTR 2 = 00822213  
 ran dom index 1  =  1  
 ran dom index 2  =  3  
 INSTR 1 = 086e8223  
 INSTR 2 = 02a18063  
 ran dom index 1  =  9  
 ran dom index 2  =  4  
 INSTR 1 = a846b7b3  
 INSTR 2 = 00000517  
 ran dom index 1  =  0  
 ran dom index 2  =  8  
 INSTR 1 = 00268893  
 INSTR 2 = 1937cb33  
 ran dom index 1  =  6  
 ran dom index 2  =  4  
 INSTR 1 = 10771c33  
 INSTR 2 = 00000bb7  
 ran dom index 1  =  7  
 ran dom index 2  =  3  
 INSTR 1 = 38a2ceb3  
 INSTR 2 = 01e5f863  
 ran dom index 1  =  3  
 ran dom index 2  = 10  
 INSTR 1 = 0131cc63  
 INSTR 2 = f1233633  
 ran dom index 1  =  5  
 ran dom index 2  =  7  
 INSTR 1 = 02000b6f  
 INSTR 2 = 83393cb3  
 ran dom index 1  =  4  
 ran dom index 2  =  1  
 INSTR 1 = 00000337  
 INSTR 2 = 0dd59123  
 ran dom index 1  =  2  
 ran dom index 2  =  6  
 INSTR 1 = 00864103  
 INSTR 2 = c79ed733  
 ran dom index 1  = 10  
 ran dom index 2  =  4  
 INSTR 1 = 8ab8e333  
 INSTR 2 = 00000b17  
 ran dom index 1  =  5  
 ran dom index 2  =  8  
 INSTR 1 = 020007e7  
 INSTR 2 = 48abf733  
 ran dom index 1  =  2  
 ran dom index 2  = 10  
 INSTR 1 = 008cd803  
 INSTR 2 = b592d8b3  
 ran dom index 1  =  8  
 ran dom index 2  =  4  
 INSTR 1 = 174b6c33  
 INSTR 2 = 00000a17  
 ran dom index 1  =  3  
 ran dom index 2  =  2  
 INSTR 1 = 03e3f063  
 INSTR 2 = 0045d583  
 ran dom index 1  =  0  
 ran dom index 2  =  3  
 INSTR 1 = 00acb493  
 INSTR 2 = 00fdf863  
 ran dom index 1  =  1  
 ran dom index 2  =  0  
 INSTR 1 = 0cb09123  
 INSTR 2 = 00a16713  
 ran dom index 1  =  3  
 ran dom index 2  =  5  
 INSTR 1 = 01bdfc63  
 INSTR 2 = 01bdfc63  
 ran dom index 1  =  3  
 ran dom index 2  =  9  
 INSTR 1 = 00369c63  
 INSTR 2 = bfaf8eb3  
 ran dom index 1  =  9  
 ran dom index 2  =  1  
 INSTR 1 = 109574b3  
 INSTR 2 = 08712223  
 ran dom index 1  =  5  
 ran dom index 2  =  8  
 INSTR 1 = 01000e67  
 INSTR 2 = d0f4db33  
 ran dom index 1  =  1  
 ran dom index 2  =  5  
 INSTR 1 = 0c871123  
 INSTR 2 = 01c8d863  
 ran dom index 1  =  5  
 ran dom index 2  =  2  
 INSTR 1 = 018003e7  
 INSTR 2 = 00642c83  
 ran dom index 1  = 10  
 ran dom index 2  =  0  
 INSTR 1 = dabfc133  
 INSTR 2 = 00a51e93  
 ran dom index 1  =  6  
 ran dom index 2  =  1  
 INSTR 1 = 1785fab3  
 INSTR 2 = 04428223  
 ran dom index 1  =  2  
 ran dom index 2  =  8  
 INSTR 1 = 00825403  
 INSTR 2 = dba5dcb3  
 ran dom index 1  =  5  
 ran dom index 2  =  8  
 INSTR 1 = 02000167  
 INSTR 2 = 50fc9e33  
 ran dom index 1  =  9  
 ran dom index 2  =  4  
 INSTR 1 = 17c44433  
 INSTR 2 = 00000517  
 ran dom index 1  = 10  
 ran dom index 2  =  0  
 INSTR 1 = c12ff0b3  
 INSTR 2 = 002c7a93  
 ran dom index 1  =  4  
 ran dom index 2  =  1  
 INSTR 1 = 00000c37  
 INSTR 2 = 0c2c8223  
 ran dom index 1  =  4  
 ran dom index 2  =  7  
 INSTR 1 = 00000eb7  
 INSTR 2 = 7d964c33  
 ran dom index 1  =  5  
 ran dom index 2  =  9  
 INSTR 1 = 010000e7  
 INSTR 2 = 92ecff33  
 ran dom index 1  =  0  
 ran dom index 2  =  4  
 INSTR 1 = 00c38e93  
 INSTR 2 = 00000737  
 ran dom index 1  =  3  
 ran dom index 2  =  0  
 INSTR 1 = 00a37863  
 INSTR 2 = 00451a93  
 ran dom index 1  =  2  
 ran dom index 2  =  6  
 INSTR 1 = 00409d83  
 INSTR 2 = 5e3eacb3  
 ran dom index 1  =  3  
 ran dom index 2  =  8  
 INSTR 1 = 00edfc63  
 INSTR 2 = d13c8cb3  
 ran dom index 1  =  2  
 ran dom index 2  = 10  
 INSTR 1 = 00671d03  
 INSTR 2 = dbf08d33  
 ran dom index 1  =  5  
 ran dom index 2  =  0  
 INSTR 1 = 01800a6f  
 INSTR 2 = 004dda93  
 ran dom index 1  =  4  
 ran dom index 2  =  0  
 INSTR 1 = 00000537  
 INSTR 2 = 0042ca93  
 ran dom index 1  =  0  
 ran dom index 2  = 10  
 INSTR 1 = 00879313  
 INSTR 2 = 4cf71733  
 ran dom index 1  =  0  
 ran dom index 2  =  4  
 INSTR 1 = 00822f13  
 INSTR 2 = 00000e97  
 ran dom index 1  =  0  
 ran dom index 2  = 10  
 INSTR 1 = 006f5693  
 INSTR 2 = a7d246b3  
 ran dom index 1  =  5  
 ran dom index 2  =  4  
 INSTR 1 = 02000167  
 INSTR 2 = 00000ab7  
 ran dom index 1  =  5  
 ran dom index 2  =  6  
 INSTR 1 = 010006e7  
 INSTR 2 = 1e40ffb3  
 ran dom index 1  =  4  
 ran dom index 2  =  6  
 INSTR 1 = 000000b7  
 INSTR 2 = befab8b3  
 ran dom index 1  =  1  
 ran dom index 2  =  4  
 INSTR 1 = 04548223  
 INSTR 2 = 000006b7  
 ran dom index 1  =  8  
 ran dom index 2  =  1  
 INSTR 1 = 4088a233  
 INSTR 2 = 0c551223  
 ran dom index 1  =  4  
 ran dom index 2  =  6  
 INSTR 1 = 00000817  
 INSTR 2 = f21322b3  
 ran dom index 1  =  1  
 ran dom index 2  =  3  
 INSTR 1 = 0cd62323  
 INSTR 2 = 01836863  
 ran dom index 1  =  1  
 ran dom index 2  =  3  
 INSTR 1 = 09060123  
 INSTR 2 = 008fcc63  
 ran dom index 1  =  3  
 ran dom index 2  =  5  
 INSTR 1 = 03248063  
 INSTR 2 = 03248063  
 ran dom index 1  =  2  
 ran dom index 2  =  4  
 INSTR 1 = 00635803  
 INSTR 2 = 00000237  
 ran dom index 1  =  2  
 ran dom index 2  =  7  
 INSTR 1 = 008dc883  
 INSTR 2 = 043eab33  
 ran dom index 1  =  2  
 ran dom index 2  =  7  
 INSTR 1 = 00455783  
 INSTR 2 = ff2afd33  
 ran dom index 1  =  0  
 ran dom index 2  =  9  
 INSTR 1 = 004f9993  
 INSTR 2 = 3fbc2eb3  
 ran dom index 1  =  1  
 ran dom index 2  =  9  
 INSTR 1 = 05892323  
 INSTR 2 = 64ccebb3  
 ran dom index 1  =  3  
 ran dom index 2  =  7  
 INSTR 1 = 01745c63  
 INSTR 2 = 0fdbe4b3  
 ran dom index 1  =  7  
 ran dom index 2  =  4  
 INSTR 1 = 929f23b3  
 INSTR 2 = 00000d97  
 ran dom index 1  =  5  
 ran dom index 2  =  0  
 INSTR 1 = 02000967  
 INSTR 2 = 00ae9793  
 ran dom index 1  =  6  
 ran dom index 2  =  3  
 INSTR 1 = ec379633  
 INSTR 2 = 0049dc63  
 ran dom index 1  =  5  
 ran dom index 2  =  2  
 INSTR 1 = 01800467  
 INSTR 2 = 00625703  
 ran dom index 1  =  8  
 ran dom index 2  =  1  
 INSTR 1 = 7ebacab3  
 INSTR 2 = 05498123  
 ran dom index 1  =  4  
 ran dom index 2  =  2  
 INSTR 1 = 00000bb7  
 INSTR 2 = 00280883  
 ran dom index 1  =  1  
 ran dom index 2  =  5  
 INSTR 1 = 050a9223  
 INSTR 2 = 026dd063  
 ran dom index 1  =  4  
 ran dom index 2  =  7  
 INSTR 1 = 00000237  
 INSTR 2 = ee5ff7b3  
 ran dom index 1  =  0  
 ran dom index 2  =  8  
 INSTR 1 = 0043bc13  
 INSTR 2 = bba9c5b3  
 ran dom index 1  =  2  
 ran dom index 2  = 10  
 INSTR 1 = 00848a03  
 INSTR 2 = 22eabd33  
 ran dom index 1  =  3  
 ran dom index 2  =  6  
 INSTR 1 = 03555063  
 INSTR 2 = 0cc2e433  
 ran dom index 1  =  3  
 ran dom index 2  = 10  
 INSTR 1 = 00d40c63  
 INSTR 2 = 80789733  
 ran dom index 1  = 10  
 ran dom index 2  =  3  
 INSTR 1 = d88650b3  
 INSTR 2 = 02cf8063  
 ran dom index 1  =  2  
 ran dom index 2  =  0  
 INSTR 1 = 00295b03  
 INSTR 2 = 008e1d93  
 ran dom index 1  =  6  
 ran dom index 2  =  4  
 INSTR 1 = 1b419e33  
 INSTR 2 = 00000a37  
 ran dom index 1  =  8  
 ran dom index 2  =  2  
 INSTR 1 = b05d9c33  
 INSTR 2 = 004d8383  
 ran dom index 1  =  9  
 ran dom index 2  =  1  
 INSTR 1 = bbeaa433  
 INSTR 2 = 0ddba123  
 ran dom index 1  =  9  
 ran dom index 2  =  0  
 INSTR 1 = 99094733  
 INSTR 2 = 0068ca13  
 ran dom index 1  =  0  
 ran dom index 2  =  7  
 INSTR 1 = 0067b413  
 INSTR 2 = ca39f4b3  
 ran dom index 1  =  7  
 ran dom index 2  =  4  
 INSTR 1 = 14fb3333  
 INSTR 2 = 000006b7  
 ran dom index 1  =  8  
 ran dom index 2  =  4  
 INSTR 1 = 3da0f633  
 INSTR 2 = 00000097  
 ran dom index 1  =  4  
 ran dom index 2  =  6  
 INSTR 1 = 00000617  
 INSTR 2 = ced366b3  
 ran dom index 1  =  9  
 ran dom index 2  =  1  
 INSTR 1 = 2ca650b3  
 INSTR 2 = 0de98223  
 ran dom index 1  =  4  
 ran dom index 2  =  1  
 INSTR 1 = 00000417  
 INSTR 2 = 09e18323  
 ran dom index 1  =  5  
 ran dom index 2  =  6  
 INSTR 1 = 0100046f  
 INSTR 2 = df648433  
 ran dom index 1  =  3  
 ran dom index 2  =  9  
 INSTR 1 = 02790063  
 INSTR 2 = b815eab3  
 ran dom index 1  =  6  
 ran dom index 2  =  0  
 INSTR 1 = 6a7f6f33  
 INSTR 2 = 00af2f13  
 ran dom index 1  =  4  
 ran dom index 2  =  5  
 INSTR 1 = 00000217  
 INSTR 2 = 027ff063  
num of counter_r    : 232
num of counter_add  :  28
num of counter_slt  :  67
num of counter_sub  :  27
num of counter_or   :  54
num of counter_xor  :  53
num of counter_sltu :  71
num of counter_sra  :  33
num of counter_srl  :  37
num of counter_and  :  62
num of counter_sll  :  68
num of counter_addi :  78
num of counter_slti :  53
num of counter_ori  :  59
num of counter_sltui:  45
num of counter_xori :  57
num of counter_srai :  33
num of counter_srli :  37
num of counter_andi :  48
num of counter_slli :  65
num of counter_lb   :  109
num of counter_lh   :   83
num of counter_lw   :  112
num of counter_sb   :  161
num of counter_sh   :  167
num of counter_sw   :  172
num of counter_jal  :  259
num of counter_jalr :  241
num of counter_bge  :   86
num of counter_bne  :   75
num of counter_beq  :   91
num of counter_blt  :   83
num of counter_bltu :   87
num of counter_bgeu :   78
num of counter_lui  :  258
num of counter_auipc:  242
num of all :  439
xmsim: *W,RNQUIE: Simulation is complete.
xcelium> exit
TOOL:	xrun	23.09-s001: Exiting on Oct 10, 2024 at 21:53:21 +07  (total: 00:00:01)
